<?xml version="1.0" encoding="UTF-8"?>
<testsuite xmlns:xsi="http://www.w3.org/2001/XMLSchema-instance" xsi:noNamespaceSchemaLocation="https://maven.apache.org/surefire/maven-surefire-plugin/xsd/surefire-test-report-3.0.xsd" version="3.0" name="org.sytoss.bdd.RunCucumberTest" time="82.655" tests="30" errors="0" skipped="0" failures="0">
  <properties>
    <property name="java.specification.version" value="22"/>
    <property name="sun.cpu.isalist" value="amd64"/>
    <property name="sun.jnu.encoding" value="Cp1251"/>
    <property name="java.class.path" value="D:\Projects\JAVA\Sytoss\Internship\lift-2024_rep\target\test-classes;D:\Projects\JAVA\Sytoss\Internship\lift-2024_rep\target\classes;C:\Users\dimao\.m2\repository\org\springframework\boot\spring-boot-starter-web\3.2.4\spring-boot-starter-web-3.2.4.jar;C:\Users\dimao\.m2\repository\org\springframework\boot\spring-boot-starter\3.2.4\spring-boot-starter-3.2.4.jar;C:\Users\dimao\.m2\repository\org\springframework\boot\spring-boot\3.2.4\spring-boot-3.2.4.jar;C:\Users\dimao\.m2\repository\org\springframework\boot\spring-boot-autoconfigure\3.2.4\spring-boot-autoconfigure-3.2.4.jar;C:\Users\dimao\.m2\repository\org\springframework\boot\spring-boot-starter-logging\3.2.4\spring-boot-starter-logging-3.2.4.jar;C:\Users\dimao\.m2\repository\ch\qos\logback\logback-classic\1.4.14\logback-classic-1.4.14.jar;C:\Users\dimao\.m2\repository\ch\qos\logback\logback-core\1.4.14\logback-core-1.4.14.jar;C:\Users\dimao\.m2\repository\org\apache\logging\log4j\log4j-to-slf4j\2.21.1\log4j-to-slf4j-2.21.1.jar;C:\Users\dimao\.m2\repository\org\apache\logging\log4j\log4j-api\2.21.1\log4j-api-2.21.1.jar;C:\Users\dimao\.m2\repository\org\slf4j\jul-to-slf4j\2.0.12\jul-to-slf4j-2.0.12.jar;C:\Users\dimao\.m2\repository\jakarta\annotation\jakarta.annotation-api\2.1.1\jakarta.annotation-api-2.1.1.jar;C:\Users\dimao\.m2\repository\org\springframework\boot\spring-boot-starter-json\3.2.4\spring-boot-starter-json-3.2.4.jar;C:\Users\dimao\.m2\repository\com\fasterxml\jackson\core\jackson-databind\2.15.4\jackson-databind-2.15.4.jar;C:\Users\dimao\.m2\repository\com\fasterxml\jackson\core\jackson-annotations\2.15.4\jackson-annotations-2.15.4.jar;C:\Users\dimao\.m2\repository\com\fasterxml\jackson\core\jackson-core\2.15.4\jackson-core-2.15.4.jar;C:\Users\dimao\.m2\repository\com\fasterxml\jackson\datatype\jackson-datatype-jdk8\2.15.4\jackson-datatype-jdk8-2.15.4.jar;C:\Users\dimao\.m2\repository\com\fasterxml\jackson\datatype\jackson-datatype-jsr310\2.15.4\jackson-datatype-jsr310-2.15.4.jar;C:\Users\dimao\.m2\repository\com\fasterxml\jackson\module\jackson-module-parameter-names\2.15.4\jackson-module-parameter-names-2.15.4.jar;C:\Users\dimao\.m2\repository\org\springframework\boot\spring-boot-starter-tomcat\3.2.4\spring-boot-starter-tomcat-3.2.4.jar;C:\Users\dimao\.m2\repository\org\apache\tomcat\embed\tomcat-embed-core\10.1.19\tomcat-embed-core-10.1.19.jar;C:\Users\dimao\.m2\repository\org\apache\tomcat\embed\tomcat-embed-el\10.1.19\tomcat-embed-el-10.1.19.jar;C:\Users\dimao\.m2\repository\org\apache\tomcat\embed\tomcat-embed-websocket\10.1.19\tomcat-embed-websocket-10.1.19.jar;C:\Users\dimao\.m2\repository\org\springframework\spring-web\6.1.5\spring-web-6.1.5.jar;C:\Users\dimao\.m2\repository\org\springframework\spring-beans\6.1.5\spring-beans-6.1.5.jar;C:\Users\dimao\.m2\repository\org\springframework\spring-webmvc\6.1.5\spring-webmvc-6.1.5.jar;C:\Users\dimao\.m2\repository\org\springframework\spring-aop\6.1.5\spring-aop-6.1.5.jar;C:\Users\dimao\.m2\repository\org\springframework\spring-context\6.1.5\spring-context-6.1.5.jar;C:\Users\dimao\.m2\repository\org\springframework\spring-expression\6.1.5\spring-expression-6.1.5.jar;C:\Users\dimao\.m2\repository\org\springframework\boot\spring-boot-starter-data-jpa\3.2.4\spring-boot-starter-data-jpa-3.2.4.jar;C:\Users\dimao\.m2\repository\org\springframework\boot\spring-boot-starter-aop\3.2.4\spring-boot-starter-aop-3.2.4.jar;C:\Users\dimao\.m2\repository\org\aspectj\aspectjweaver\1.9.21\aspectjweaver-1.9.21.jar;C:\Users\dimao\.m2\repository\org\springframework\boot\spring-boot-starter-jdbc\3.2.4\spring-boot-starter-jdbc-3.2.4.jar;C:\Users\dimao\.m2\repository\com\zaxxer\HikariCP\5.0.1\HikariCP-5.0.1.jar;C:\Users\dimao\.m2\repository\org\springframework\spring-jdbc\6.1.5\spring-jdbc-6.1.5.jar;C:\Users\dimao\.m2\repository\org\hibernate\orm\hibernate-core\6.4.4.Final\hibernate-core-6.4.4.Final.jar;C:\Users\dimao\.m2\repository\jakarta\persistence\jakarta.persistence-api\3.1.0\jakarta.persistence-api-3.1.0.jar;C:\Users\dimao\.m2\repository\jakarta\transaction\jakarta.transaction-api\2.0.1\jakarta.transaction-api-2.0.1.jar;C:\Users\dimao\.m2\repository\org\jboss\logging\jboss-logging\3.5.3.Final\jboss-logging-3.5.3.Final.jar;C:\Users\dimao\.m2\repository\org\hibernate\common\hibernate-commons-annotations\6.0.6.Final\hibernate-commons-annotations-6.0.6.Final.jar;C:\Users\dimao\.m2\repository\io\smallrye\jandex\3.1.2\jandex-3.1.2.jar;C:\Users\dimao\.m2\repository\com\fasterxml\classmate\1.6.0\classmate-1.6.0.jar;C:\Users\dimao\.m2\repository\net\bytebuddy\byte-buddy\1.14.12\byte-buddy-1.14.12.jar;C:\Users\dimao\.m2\repository\org\glassfish\jaxb\jaxb-runtime\4.0.5\jaxb-runtime-4.0.5.jar;C:\Users\dimao\.m2\repository\org\glassfish\jaxb\jaxb-core\4.0.5\jaxb-core-4.0.5.jar;C:\Users\dimao\.m2\repository\org\eclipse\angus\angus-activation\2.0.2\angus-activation-2.0.2.jar;C:\Users\dimao\.m2\repository\org\glassfish\jaxb\txw2\4.0.5\txw2-4.0.5.jar;C:\Users\dimao\.m2\repository\com\sun\istack\istack-commons-runtime\4.1.2\istack-commons-runtime-4.1.2.jar;C:\Users\dimao\.m2\repository\jakarta\inject\jakarta.inject-api\2.0.1\jakarta.inject-api-2.0.1.jar;C:\Users\dimao\.m2\repository\org\antlr\antlr4-runtime\4.13.0\antlr4-runtime-4.13.0.jar;C:\Users\dimao\.m2\repository\org\springframework\data\spring-data-jpa\3.2.4\spring-data-jpa-3.2.4.jar;C:\Users\dimao\.m2\repository\org\springframework\data\spring-data-commons\3.2.4\spring-data-commons-3.2.4.jar;C:\Users\dimao\.m2\repository\org\springframework\spring-orm\6.1.5\spring-orm-6.1.5.jar;C:\Users\dimao\.m2\repository\org\springframework\spring-tx\6.1.5\spring-tx-6.1.5.jar;C:\Users\dimao\.m2\repository\org\springframework\spring-aspects\6.1.5\spring-aspects-6.1.5.jar;C:\Users\dimao\.m2\repository\org\springframework\boot\spring-boot-starter-actuator\3.2.4\spring-boot-starter-actuator-3.2.4.jar;C:\Users\dimao\.m2\repository\org\springframework\boot\spring-boot-actuator-autoconfigure\3.2.4\spring-boot-actuator-autoconfigure-3.2.4.jar;C:\Users\dimao\.m2\repository\org\springframework\boot\spring-boot-actuator\3.2.4\spring-boot-actuator-3.2.4.jar;C:\Users\dimao\.m2\repository\io\micrometer\micrometer-observation\1.12.4\micrometer-observation-1.12.4.jar;C:\Users\dimao\.m2\repository\io\micrometer\micrometer-commons\1.12.4\micrometer-commons-1.12.4.jar;C:\Users\dimao\.m2\repository\io\micrometer\micrometer-jakarta9\1.12.4\micrometer-jakarta9-1.12.4.jar;C:\Users\dimao\.m2\repository\io\micrometer\micrometer-core\1.12.4\micrometer-core-1.12.4.jar;C:\Users\dimao\.m2\repository\org\hdrhistogram\HdrHistogram\2.1.12\HdrHistogram-2.1.12.jar;C:\Users\dimao\.m2\repository\org\latencyutils\LatencyUtils\2.0.3\LatencyUtils-2.0.3.jar;C:\Users\dimao\.m2\repository\org\springdoc\springdoc-openapi-starter-webmvc-ui\2.5.0\springdoc-openapi-starter-webmvc-ui-2.5.0.jar;C:\Users\dimao\.m2\repository\org\springdoc\springdoc-openapi-starter-webmvc-api\2.5.0\springdoc-openapi-starter-webmvc-api-2.5.0.jar;C:\Users\dimao\.m2\repository\org\springdoc\springdoc-openapi-starter-common\2.5.0\springdoc-openapi-starter-common-2.5.0.jar;C:\Users\dimao\.m2\repository\io\swagger\core\v3\swagger-core-jakarta\2.2.21\swagger-core-jakarta-2.2.21.jar;C:\Users\dimao\.m2\repository\io\swagger\core\v3\swagger-annotations-jakarta\2.2.21\swagger-annotations-jakarta-2.2.21.jar;C:\Users\dimao\.m2\repository\io\swagger\core\v3\swagger-models-jakarta\2.2.21\swagger-models-jakarta-2.2.21.jar;C:\Users\dimao\.m2\repository\jakarta\validation\jakarta.validation-api\3.0.2\jakarta.validation-api-3.0.2.jar;C:\Users\dimao\.m2\repository\com\fasterxml\jackson\dataformat\jackson-dataformat-yaml\2.15.4\jackson-dataformat-yaml-2.15.4.jar;C:\Users\dimao\.m2\repository\org\webjars\swagger-ui\5.13.0\swagger-ui-5.13.0.jar;C:\Users\dimao\.m2\repository\org\mapstruct\mapstruct\1.5.5.Final\mapstruct-1.5.5.Final.jar;C:\Users\dimao\.m2\repository\org\liquibase\liquibase-core\4.27.0\liquibase-core-4.27.0.jar;C:\Users\dimao\.m2\repository\com\opencsv\opencsv\5.9\opencsv-5.9.jar;C:\Users\dimao\.m2\repository\org\apache\commons\commons-text\1.11.0\commons-text-1.11.0.jar;C:\Users\dimao\.m2\repository\org\apache\commons\commons-collections4\4.4\commons-collections4-4.4.jar;C:\Users\dimao\.m2\repository\org\yaml\snakeyaml\2.2\snakeyaml-2.2.jar;C:\Users\dimao\.m2\repository\javax\xml\bind\jaxb-api\2.3.1\jaxb-api-2.3.1.jar;C:\Users\dimao\.m2\repository\org\apache\commons\commons-lang3\3.13.0\commons-lang3-3.13.0.jar;C:\Users\dimao\.m2\repository\org\projectlombok\lombok\1.18.32\lombok-1.18.32.jar;C:\Users\dimao\.m2\repository\org\apache\httpcomponents\client5\httpclient5\5.3.1\httpclient5-5.3.1.jar;C:\Users\dimao\.m2\repository\org\apache\httpcomponents\core5\httpcore5\5.2.4\httpcore5-5.2.4.jar;C:\Users\dimao\.m2\repository\org\apache\httpcomponents\core5\httpcore5-h2\5.2.4\httpcore5-h2-5.2.4.jar;C:\Users\dimao\.m2\repository\org\slf4j\slf4j-api\2.0.12\slf4j-api-2.0.12.jar;C:\Users\dimao\.m2\repository\com\h2database\h2\2.2.224\h2-2.2.224.jar;C:\Users\dimao\.m2\repository\org\springframework\boot\spring-boot-starter-test\3.2.4\spring-boot-starter-test-3.2.4.jar;C:\Users\dimao\.m2\repository\org\springframework\boot\spring-boot-test\3.2.4\spring-boot-test-3.2.4.jar;C:\Users\dimao\.m2\repository\org\springframework\boot\spring-boot-test-autoconfigure\3.2.4\spring-boot-test-autoconfigure-3.2.4.jar;C:\Users\dimao\.m2\repository\com\jayway\jsonpath\json-path\2.9.0\json-path-2.9.0.jar;C:\Users\dimao\.m2\repository\jakarta\xml\bind\jakarta.xml.bind-api\4.0.2\jakarta.xml.bind-api-4.0.2.jar;C:\Users\dimao\.m2\repository\jakarta\activation\jakarta.activation-api\2.1.3\jakarta.activation-api-2.1.3.jar;C:\Users\dimao\.m2\repository\net\minidev\json-smart\2.5.0\json-smart-2.5.0.jar;C:\Users\dimao\.m2\repository\net\minidev\accessors-smart\2.5.0\accessors-smart-2.5.0.jar;C:\Users\dimao\.m2\repository\org\ow2\asm\asm\9.3\asm-9.3.jar;C:\Users\dimao\.m2\repository\org\assertj\assertj-core\3.24.2\assertj-core-3.24.2.jar;C:\Users\dimao\.m2\repository\org\awaitility\awaitility\4.2.0\awaitility-4.2.0.jar;C:\Users\dimao\.m2\repository\org\hamcrest\hamcrest\2.2\hamcrest-2.2.jar;C:\Users\dimao\.m2\repository\org\junit\jupiter\junit-jupiter\5.10.2\junit-jupiter-5.10.2.jar;C:\Users\dimao\.m2\repository\org\junit\jupiter\junit-jupiter-params\5.10.2\junit-jupiter-params-5.10.2.jar;C:\Users\dimao\.m2\repository\org\junit\jupiter\junit-jupiter-engine\5.10.2\junit-jupiter-engine-5.10.2.jar;C:\Users\dimao\.m2\repository\org\mockito\mockito-core\5.7.0\mockito-core-5.7.0.jar;C:\Users\dimao\.m2\repository\net\bytebuddy\byte-buddy-agent\1.14.12\byte-buddy-agent-1.14.12.jar;C:\Users\dimao\.m2\repository\org\objenesis\objenesis\3.3\objenesis-3.3.jar;C:\Users\dimao\.m2\repository\org\mockito\mockito-junit-jupiter\5.7.0\mockito-junit-jupiter-5.7.0.jar;C:\Users\dimao\.m2\repository\org\skyscreamer\jsonassert\1.5.1\jsonassert-1.5.1.jar;C:\Users\dimao\.m2\repository\com\vaadin\external\google\android-json\0.0.20131108.vaadin1\android-json-0.0.20131108.vaadin1.jar;C:\Users\dimao\.m2\repository\org\springframework\spring-core\6.1.5\spring-core-6.1.5.jar;C:\Users\dimao\.m2\repository\org\springframework\spring-jcl\6.1.5\spring-jcl-6.1.5.jar;C:\Users\dimao\.m2\repository\org\springframework\spring-test\6.1.5\spring-test-6.1.5.jar;C:\Users\dimao\.m2\repository\org\xmlunit\xmlunit-core\2.9.1\xmlunit-core-2.9.1.jar;C:\Users\dimao\.m2\repository\io\cucumber\cucumber-java\7.16.1\cucumber-java-7.16.1.jar;C:\Users\dimao\.m2\repository\io\cucumber\cucumber-core\7.16.1\cucumber-core-7.16.1.jar;C:\Users\dimao\.m2\repository\io\cucumber\cucumber-gherkin\7.16.1\cucumber-gherkin-7.16.1.jar;C:\Users\dimao\.m2\repository\io\cucumber\cucumber-gherkin-messages\7.16.1\cucumber-gherkin-messages-7.16.1.jar;C:\Users\dimao\.m2\repository\io\cucumber\gherkin\28.0.0\gherkin-28.0.0.jar;C:\Users\dimao\.m2\repository\io\cucumber\messages\24.1.0\messages-24.1.0.jar;C:\Users\dimao\.m2\repository\io\cucumber\tag-expressions\6.1.0\tag-expressions-6.1.0.jar;C:\Users\dimao\.m2\repository\io\cucumber\cucumber-expressions\17.1.0\cucumber-expressions-17.1.0.jar;C:\Users\dimao\.m2\repository\io\cucumber\datatable\7.16.1\datatable-7.16.1.jar;C:\Users\dimao\.m2\repository\io\cucumber\cucumber-plugin\7.16.1\cucumber-plugin-7.16.1.jar;C:\Users\dimao\.m2\repository\io\cucumber\docstring\7.16.1\docstring-7.16.1.jar;C:\Users\dimao\.m2\repository\io\cucumber\html-formatter\21.3.0\html-formatter-21.3.0.jar;C:\Users\dimao\.m2\repository\io\cucumber\junit-xml-formatter\0.3.0\junit-xml-formatter-0.3.0.jar;C:\Users\dimao\.m2\repository\io\cucumber\ci-environment\10.0.1\ci-environment-10.0.1.jar;C:\Users\dimao\.m2\repository\org\apiguardian\apiguardian-api\1.1.2\apiguardian-api-1.1.2.jar;C:\Users\dimao\.m2\repository\io\cucumber\cucumber-spring\7.16.1\cucumber-spring-7.16.1.jar;C:\Users\dimao\.m2\repository\io\cucumber\cucumber-junit-platform-engine\7.16.1\cucumber-junit-platform-engine-7.16.1.jar;C:\Users\dimao\.m2\repository\org\junit\platform\junit-platform-engine\1.10.2\junit-platform-engine-1.10.2.jar;C:\Users\dimao\.m2\repository\org\junit\jupiter\junit-jupiter-api\5.10.2\junit-jupiter-api-5.10.2.jar;C:\Users\dimao\.m2\repository\org\opentest4j\opentest4j\1.3.0\opentest4j-1.3.0.jar;C:\Users\dimao\.m2\repository\org\junit\platform\junit-platform-commons\1.10.2\junit-platform-commons-1.10.2.jar;C:\Users\dimao\.m2\repository\org\junit\platform\junit-platform-suite\1.10.2\junit-platform-suite-1.10.2.jar;C:\Users\dimao\.m2\repository\org\junit\platform\junit-platform-suite-api\1.10.2\junit-platform-suite-api-1.10.2.jar;C:\Users\dimao\.m2\repository\org\junit\platform\junit-platform-suite-engine\1.10.2\junit-platform-suite-engine-1.10.2.jar;C:\Users\dimao\.m2\repository\org\junit\platform\junit-platform-suite-commons\1.10.2\junit-platform-suite-commons-1.10.2.jar;C:\Users\dimao\.m2\repository\org\junit\platform\junit-platform-launcher\1.10.2\junit-platform-launcher-1.10.2.jar;C:\Users\dimao\.m2\repository\junit\junit\4.13.2\junit-4.13.2.jar;C:\Users\dimao\.m2\repository\org\hamcrest\hamcrest-core\2.2\hamcrest-core-2.2.jar;"/>
    <property name="java.vm.vendor" value="Oracle Corporation"/>
    <property name="sun.arch.data.model" value="64"/>
    <property name="user.variant" value=""/>
    <property name="java.vendor.url" value="https://java.oracle.com/"/>
    <property name="catalina.useNaming" value="false"/>
    <property name="user.timezone" value="Europe/Kiev"/>
    <property name="org.jboss.logging.provider" value="slf4j"/>
    <property name="os.name" value="Windows 11"/>
    <property name="java.vm.specification.version" value="22"/>
    <property name="sun.java.launcher" value="SUN_STANDARD"/>
    <property name="user.country" value="US"/>
    <property name="sun.boot.library.path" value="C:\Program Files\Java\jdk-22\bin"/>
    <property name="sun.java.command" value="C:\Users\dimao\AppData\Local\Temp\surefire15469985014217370096\surefirebooter-20240529122725548_3.jar C:\Users\dimao\AppData\Local\Temp\surefire15469985014217370096 2024-05-29T12-27-25_349-jvmRun1 surefire-20240529122725548_1tmp surefire_0-20240529122725548_2tmp"/>
    <property name="jdk.debug" value="release"/>
    <property name="surefire.test.class.path" value="D:\Projects\JAVA\Sytoss\Internship\lift-2024_rep\target\test-classes;D:\Projects\JAVA\Sytoss\Internship\lift-2024_rep\target\classes;C:\Users\dimao\.m2\repository\org\springframework\boot\spring-boot-starter-web\3.2.4\spring-boot-starter-web-3.2.4.jar;C:\Users\dimao\.m2\repository\org\springframework\boot\spring-boot-starter\3.2.4\spring-boot-starter-3.2.4.jar;C:\Users\dimao\.m2\repository\org\springframework\boot\spring-boot\3.2.4\spring-boot-3.2.4.jar;C:\Users\dimao\.m2\repository\org\springframework\boot\spring-boot-autoconfigure\3.2.4\spring-boot-autoconfigure-3.2.4.jar;C:\Users\dimao\.m2\repository\org\springframework\boot\spring-boot-starter-logging\3.2.4\spring-boot-starter-logging-3.2.4.jar;C:\Users\dimao\.m2\repository\ch\qos\logback\logback-classic\1.4.14\logback-classic-1.4.14.jar;C:\Users\dimao\.m2\repository\ch\qos\logback\logback-core\1.4.14\logback-core-1.4.14.jar;C:\Users\dimao\.m2\repository\org\apache\logging\log4j\log4j-to-slf4j\2.21.1\log4j-to-slf4j-2.21.1.jar;C:\Users\dimao\.m2\repository\org\apache\logging\log4j\log4j-api\2.21.1\log4j-api-2.21.1.jar;C:\Users\dimao\.m2\repository\org\slf4j\jul-to-slf4j\2.0.12\jul-to-slf4j-2.0.12.jar;C:\Users\dimao\.m2\repository\jakarta\annotation\jakarta.annotation-api\2.1.1\jakarta.annotation-api-2.1.1.jar;C:\Users\dimao\.m2\repository\org\springframework\boot\spring-boot-starter-json\3.2.4\spring-boot-starter-json-3.2.4.jar;C:\Users\dimao\.m2\repository\com\fasterxml\jackson\core\jackson-databind\2.15.4\jackson-databind-2.15.4.jar;C:\Users\dimao\.m2\repository\com\fasterxml\jackson\core\jackson-annotations\2.15.4\jackson-annotations-2.15.4.jar;C:\Users\dimao\.m2\repository\com\fasterxml\jackson\core\jackson-core\2.15.4\jackson-core-2.15.4.jar;C:\Users\dimao\.m2\repository\com\fasterxml\jackson\datatype\jackson-datatype-jdk8\2.15.4\jackson-datatype-jdk8-2.15.4.jar;C:\Users\dimao\.m2\repository\com\fasterxml\jackson\datatype\jackson-datatype-jsr310\2.15.4\jackson-datatype-jsr310-2.15.4.jar;C:\Users\dimao\.m2\repository\com\fasterxml\jackson\module\jackson-module-parameter-names\2.15.4\jackson-module-parameter-names-2.15.4.jar;C:\Users\dimao\.m2\repository\org\springframework\boot\spring-boot-starter-tomcat\3.2.4\spring-boot-starter-tomcat-3.2.4.jar;C:\Users\dimao\.m2\repository\org\apache\tomcat\embed\tomcat-embed-core\10.1.19\tomcat-embed-core-10.1.19.jar;C:\Users\dimao\.m2\repository\org\apache\tomcat\embed\tomcat-embed-el\10.1.19\tomcat-embed-el-10.1.19.jar;C:\Users\dimao\.m2\repository\org\apache\tomcat\embed\tomcat-embed-websocket\10.1.19\tomcat-embed-websocket-10.1.19.jar;C:\Users\dimao\.m2\repository\org\springframework\spring-web\6.1.5\spring-web-6.1.5.jar;C:\Users\dimao\.m2\repository\org\springframework\spring-beans\6.1.5\spring-beans-6.1.5.jar;C:\Users\dimao\.m2\repository\org\springframework\spring-webmvc\6.1.5\spring-webmvc-6.1.5.jar;C:\Users\dimao\.m2\repository\org\springframework\spring-aop\6.1.5\spring-aop-6.1.5.jar;C:\Users\dimao\.m2\repository\org\springframework\spring-context\6.1.5\spring-context-6.1.5.jar;C:\Users\dimao\.m2\repository\org\springframework\spring-expression\6.1.5\spring-expression-6.1.5.jar;C:\Users\dimao\.m2\repository\org\springframework\boot\spring-boot-starter-data-jpa\3.2.4\spring-boot-starter-data-jpa-3.2.4.jar;C:\Users\dimao\.m2\repository\org\springframework\boot\spring-boot-starter-aop\3.2.4\spring-boot-starter-aop-3.2.4.jar;C:\Users\dimao\.m2\repository\org\aspectj\aspectjweaver\1.9.21\aspectjweaver-1.9.21.jar;C:\Users\dimao\.m2\repository\org\springframework\boot\spring-boot-starter-jdbc\3.2.4\spring-boot-starter-jdbc-3.2.4.jar;C:\Users\dimao\.m2\repository\com\zaxxer\HikariCP\5.0.1\HikariCP-5.0.1.jar;C:\Users\dimao\.m2\repository\org\springframework\spring-jdbc\6.1.5\spring-jdbc-6.1.5.jar;C:\Users\dimao\.m2\repository\org\hibernate\orm\hibernate-core\6.4.4.Final\hibernate-core-6.4.4.Final.jar;C:\Users\dimao\.m2\repository\jakarta\persistence\jakarta.persistence-api\3.1.0\jakarta.persistence-api-3.1.0.jar;C:\Users\dimao\.m2\repository\jakarta\transaction\jakarta.transaction-api\2.0.1\jakarta.transaction-api-2.0.1.jar;C:\Users\dimao\.m2\repository\org\jboss\logging\jboss-logging\3.5.3.Final\jboss-logging-3.5.3.Final.jar;C:\Users\dimao\.m2\repository\org\hibernate\common\hibernate-commons-annotations\6.0.6.Final\hibernate-commons-annotations-6.0.6.Final.jar;C:\Users\dimao\.m2\repository\io\smallrye\jandex\3.1.2\jandex-3.1.2.jar;C:\Users\dimao\.m2\repository\com\fasterxml\classmate\1.6.0\classmate-1.6.0.jar;C:\Users\dimao\.m2\repository\net\bytebuddy\byte-buddy\1.14.12\byte-buddy-1.14.12.jar;C:\Users\dimao\.m2\repository\org\glassfish\jaxb\jaxb-runtime\4.0.5\jaxb-runtime-4.0.5.jar;C:\Users\dimao\.m2\repository\org\glassfish\jaxb\jaxb-core\4.0.5\jaxb-core-4.0.5.jar;C:\Users\dimao\.m2\repository\org\eclipse\angus\angus-activation\2.0.2\angus-activation-2.0.2.jar;C:\Users\dimao\.m2\repository\org\glassfish\jaxb\txw2\4.0.5\txw2-4.0.5.jar;C:\Users\dimao\.m2\repository\com\sun\istack\istack-commons-runtime\4.1.2\istack-commons-runtime-4.1.2.jar;C:\Users\dimao\.m2\repository\jakarta\inject\jakarta.inject-api\2.0.1\jakarta.inject-api-2.0.1.jar;C:\Users\dimao\.m2\repository\org\antlr\antlr4-runtime\4.13.0\antlr4-runtime-4.13.0.jar;C:\Users\dimao\.m2\repository\org\springframework\data\spring-data-jpa\3.2.4\spring-data-jpa-3.2.4.jar;C:\Users\dimao\.m2\repository\org\springframework\data\spring-data-commons\3.2.4\spring-data-commons-3.2.4.jar;C:\Users\dimao\.m2\repository\org\springframework\spring-orm\6.1.5\spring-orm-6.1.5.jar;C:\Users\dimao\.m2\repository\org\springframework\spring-tx\6.1.5\spring-tx-6.1.5.jar;C:\Users\dimao\.m2\repository\org\springframework\spring-aspects\6.1.5\spring-aspects-6.1.5.jar;C:\Users\dimao\.m2\repository\org\springframework\boot\spring-boot-starter-actuator\3.2.4\spring-boot-starter-actuator-3.2.4.jar;C:\Users\dimao\.m2\repository\org\springframework\boot\spring-boot-actuator-autoconfigure\3.2.4\spring-boot-actuator-autoconfigure-3.2.4.jar;C:\Users\dimao\.m2\repository\org\springframework\boot\spring-boot-actuator\3.2.4\spring-boot-actuator-3.2.4.jar;C:\Users\dimao\.m2\repository\io\micrometer\micrometer-observation\1.12.4\micrometer-observation-1.12.4.jar;C:\Users\dimao\.m2\repository\io\micrometer\micrometer-commons\1.12.4\micrometer-commons-1.12.4.jar;C:\Users\dimao\.m2\repository\io\micrometer\micrometer-jakarta9\1.12.4\micrometer-jakarta9-1.12.4.jar;C:\Users\dimao\.m2\repository\io\micrometer\micrometer-core\1.12.4\micrometer-core-1.12.4.jar;C:\Users\dimao\.m2\repository\org\hdrhistogram\HdrHistogram\2.1.12\HdrHistogram-2.1.12.jar;C:\Users\dimao\.m2\repository\org\latencyutils\LatencyUtils\2.0.3\LatencyUtils-2.0.3.jar;C:\Users\dimao\.m2\repository\org\springdoc\springdoc-openapi-starter-webmvc-ui\2.5.0\springdoc-openapi-starter-webmvc-ui-2.5.0.jar;C:\Users\dimao\.m2\repository\org\springdoc\springdoc-openapi-starter-webmvc-api\2.5.0\springdoc-openapi-starter-webmvc-api-2.5.0.jar;C:\Users\dimao\.m2\repository\org\springdoc\springdoc-openapi-starter-common\2.5.0\springdoc-openapi-starter-common-2.5.0.jar;C:\Users\dimao\.m2\repository\io\swagger\core\v3\swagger-core-jakarta\2.2.21\swagger-core-jakarta-2.2.21.jar;C:\Users\dimao\.m2\repository\io\swagger\core\v3\swagger-annotations-jakarta\2.2.21\swagger-annotations-jakarta-2.2.21.jar;C:\Users\dimao\.m2\repository\io\swagger\core\v3\swagger-models-jakarta\2.2.21\swagger-models-jakarta-2.2.21.jar;C:\Users\dimao\.m2\repository\jakarta\validation\jakarta.validation-api\3.0.2\jakarta.validation-api-3.0.2.jar;C:\Users\dimao\.m2\repository\com\fasterxml\jackson\dataformat\jackson-dataformat-yaml\2.15.4\jackson-dataformat-yaml-2.15.4.jar;C:\Users\dimao\.m2\repository\org\webjars\swagger-ui\5.13.0\swagger-ui-5.13.0.jar;C:\Users\dimao\.m2\repository\org\mapstruct\mapstruct\1.5.5.Final\mapstruct-1.5.5.Final.jar;C:\Users\dimao\.m2\repository\org\liquibase\liquibase-core\4.27.0\liquibase-core-4.27.0.jar;C:\Users\dimao\.m2\repository\com\opencsv\opencsv\5.9\opencsv-5.9.jar;C:\Users\dimao\.m2\repository\org\apache\commons\commons-text\1.11.0\commons-text-1.11.0.jar;C:\Users\dimao\.m2\repository\org\apache\commons\commons-collections4\4.4\commons-collections4-4.4.jar;C:\Users\dimao\.m2\repository\org\yaml\snakeyaml\2.2\snakeyaml-2.2.jar;C:\Users\dimao\.m2\repository\javax\xml\bind\jaxb-api\2.3.1\jaxb-api-2.3.1.jar;C:\Users\dimao\.m2\repository\org\apache\commons\commons-lang3\3.13.0\commons-lang3-3.13.0.jar;C:\Users\dimao\.m2\repository\org\projectlombok\lombok\1.18.32\lombok-1.18.32.jar;C:\Users\dimao\.m2\repository\org\apache\httpcomponents\client5\httpclient5\5.3.1\httpclient5-5.3.1.jar;C:\Users\dimao\.m2\repository\org\apache\httpcomponents\core5\httpcore5\5.2.4\httpcore5-5.2.4.jar;C:\Users\dimao\.m2\repository\org\apache\httpcomponents\core5\httpcore5-h2\5.2.4\httpcore5-h2-5.2.4.jar;C:\Users\dimao\.m2\repository\org\slf4j\slf4j-api\2.0.12\slf4j-api-2.0.12.jar;C:\Users\dimao\.m2\repository\com\h2database\h2\2.2.224\h2-2.2.224.jar;C:\Users\dimao\.m2\repository\org\springframework\boot\spring-boot-starter-test\3.2.4\spring-boot-starter-test-3.2.4.jar;C:\Users\dimao\.m2\repository\org\springframework\boot\spring-boot-test\3.2.4\spring-boot-test-3.2.4.jar;C:\Users\dimao\.m2\repository\org\springframework\boot\spring-boot-test-autoconfigure\3.2.4\spring-boot-test-autoconfigure-3.2.4.jar;C:\Users\dimao\.m2\repository\com\jayway\jsonpath\json-path\2.9.0\json-path-2.9.0.jar;C:\Users\dimao\.m2\repository\jakarta\xml\bind\jakarta.xml.bind-api\4.0.2\jakarta.xml.bind-api-4.0.2.jar;C:\Users\dimao\.m2\repository\jakarta\activation\jakarta.activation-api\2.1.3\jakarta.activation-api-2.1.3.jar;C:\Users\dimao\.m2\repository\net\minidev\json-smart\2.5.0\json-smart-2.5.0.jar;C:\Users\dimao\.m2\repository\net\minidev\accessors-smart\2.5.0\accessors-smart-2.5.0.jar;C:\Users\dimao\.m2\repository\org\ow2\asm\asm\9.3\asm-9.3.jar;C:\Users\dimao\.m2\repository\org\assertj\assertj-core\3.24.2\assertj-core-3.24.2.jar;C:\Users\dimao\.m2\repository\org\awaitility\awaitility\4.2.0\awaitility-4.2.0.jar;C:\Users\dimao\.m2\repository\org\hamcrest\hamcrest\2.2\hamcrest-2.2.jar;C:\Users\dimao\.m2\repository\org\junit\jupiter\junit-jupiter\5.10.2\junit-jupiter-5.10.2.jar;C:\Users\dimao\.m2\repository\org\junit\jupiter\junit-jupiter-params\5.10.2\junit-jupiter-params-5.10.2.jar;C:\Users\dimao\.m2\repository\org\junit\jupiter\junit-jupiter-engine\5.10.2\junit-jupiter-engine-5.10.2.jar;C:\Users\dimao\.m2\repository\org\mockito\mockito-core\5.7.0\mockito-core-5.7.0.jar;C:\Users\dimao\.m2\repository\net\bytebuddy\byte-buddy-agent\1.14.12\byte-buddy-agent-1.14.12.jar;C:\Users\dimao\.m2\repository\org\objenesis\objenesis\3.3\objenesis-3.3.jar;C:\Users\dimao\.m2\repository\org\mockito\mockito-junit-jupiter\5.7.0\mockito-junit-jupiter-5.7.0.jar;C:\Users\dimao\.m2\repository\org\skyscreamer\jsonassert\1.5.1\jsonassert-1.5.1.jar;C:\Users\dimao\.m2\repository\com\vaadin\external\google\android-json\0.0.20131108.vaadin1\android-json-0.0.20131108.vaadin1.jar;C:\Users\dimao\.m2\repository\org\springframework\spring-core\6.1.5\spring-core-6.1.5.jar;C:\Users\dimao\.m2\repository\org\springframework\spring-jcl\6.1.5\spring-jcl-6.1.5.jar;C:\Users\dimao\.m2\repository\org\springframework\spring-test\6.1.5\spring-test-6.1.5.jar;C:\Users\dimao\.m2\repository\org\xmlunit\xmlunit-core\2.9.1\xmlunit-core-2.9.1.jar;C:\Users\dimao\.m2\repository\io\cucumber\cucumber-java\7.16.1\cucumber-java-7.16.1.jar;C:\Users\dimao\.m2\repository\io\cucumber\cucumber-core\7.16.1\cucumber-core-7.16.1.jar;C:\Users\dimao\.m2\repository\io\cucumber\cucumber-gherkin\7.16.1\cucumber-gherkin-7.16.1.jar;C:\Users\dimao\.m2\repository\io\cucumber\cucumber-gherkin-messages\7.16.1\cucumber-gherkin-messages-7.16.1.jar;C:\Users\dimao\.m2\repository\io\cucumber\gherkin\28.0.0\gherkin-28.0.0.jar;C:\Users\dimao\.m2\repository\io\cucumber\messages\24.1.0\messages-24.1.0.jar;C:\Users\dimao\.m2\repository\io\cucumber\tag-expressions\6.1.0\tag-expressions-6.1.0.jar;C:\Users\dimao\.m2\repository\io\cucumber\cucumber-expressions\17.1.0\cucumber-expressions-17.1.0.jar;C:\Users\dimao\.m2\repository\io\cucumber\datatable\7.16.1\datatable-7.16.1.jar;C:\Users\dimao\.m2\repository\io\cucumber\cucumber-plugin\7.16.1\cucumber-plugin-7.16.1.jar;C:\Users\dimao\.m2\repository\io\cucumber\docstring\7.16.1\docstring-7.16.1.jar;C:\Users\dimao\.m2\repository\io\cucumber\html-formatter\21.3.0\html-formatter-21.3.0.jar;C:\Users\dimao\.m2\repository\io\cucumber\junit-xml-formatter\0.3.0\junit-xml-formatter-0.3.0.jar;C:\Users\dimao\.m2\repository\io\cucumber\ci-environment\10.0.1\ci-environment-10.0.1.jar;C:\Users\dimao\.m2\repository\org\apiguardian\apiguardian-api\1.1.2\apiguardian-api-1.1.2.jar;C:\Users\dimao\.m2\repository\io\cucumber\cucumber-spring\7.16.1\cucumber-spring-7.16.1.jar;C:\Users\dimao\.m2\repository\io\cucumber\cucumber-junit-platform-engine\7.16.1\cucumber-junit-platform-engine-7.16.1.jar;C:\Users\dimao\.m2\repository\org\junit\platform\junit-platform-engine\1.10.2\junit-platform-engine-1.10.2.jar;C:\Users\dimao\.m2\repository\org\junit\jupiter\junit-jupiter-api\5.10.2\junit-jupiter-api-5.10.2.jar;C:\Users\dimao\.m2\repository\org\opentest4j\opentest4j\1.3.0\opentest4j-1.3.0.jar;C:\Users\dimao\.m2\repository\org\junit\platform\junit-platform-commons\1.10.2\junit-platform-commons-1.10.2.jar;C:\Users\dimao\.m2\repository\org\junit\platform\junit-platform-suite\1.10.2\junit-platform-suite-1.10.2.jar;C:\Users\dimao\.m2\repository\org\junit\platform\junit-platform-suite-api\1.10.2\junit-platform-suite-api-1.10.2.jar;C:\Users\dimao\.m2\repository\org\junit\platform\junit-platform-suite-engine\1.10.2\junit-platform-suite-engine-1.10.2.jar;C:\Users\dimao\.m2\repository\org\junit\platform\junit-platform-suite-commons\1.10.2\junit-platform-suite-commons-1.10.2.jar;C:\Users\dimao\.m2\repository\org\junit\platform\junit-platform-launcher\1.10.2\junit-platform-launcher-1.10.2.jar;C:\Users\dimao\.m2\repository\junit\junit\4.13.2\junit-4.13.2.jar;C:\Users\dimao\.m2\repository\org\hamcrest\hamcrest-core\2.2\hamcrest-core-2.2.jar;"/>
    <property name="sun.cpu.endian" value="little"/>
    <property name="user.home" value="C:\Users\dimao"/>
    <property name="user.language" value="en"/>
    <property name="java.specification.vendor" value="Oracle Corporation"/>
    <property name="java.version.date" value="2024-03-19"/>
    <property name="java.home" value="C:\Program Files\Java\jdk-22"/>
    <property name="file.separator" value="\"/>
    <property name="basedir" value="D:\Projects\JAVA\Sytoss\Internship\lift-2024_rep"/>
    <property name="java.vm.compressedOopsMode" value="Zero based"/>
    <property name="line.separator" value="&#10;"/>
    <property name="java.vm.specification.vendor" value="Oracle Corporation"/>
    <property name="java.specification.name" value="Java Platform API Specification"/>
    <property name="FILE_LOG_CHARSET" value="UTF-8"/>
    <property name="java.awt.headless" value="true"/>
    <property name="surefire.real.class.path" value="C:\Users\dimao\AppData\Local\Temp\surefire15469985014217370096\surefirebooter-20240529122725548_3.jar"/>
    <property name="user.script" value=""/>
    <property name="sun.management.compiler" value="HotSpot 64-Bit Tiered Compilers"/>
    <property name="java.runtime.version" value="22+36-2370"/>
    <property name="user.name" value="dimao"/>
    <property name="stdout.encoding" value="Cp1251"/>
    <property name="path.separator" value=";"/>
    <property name="os.version" value="10.0"/>
    <property name="java.runtime.name" value="Java(TM) SE Runtime Environment"/>
    <property name="file.encoding" value="UTF-8"/>
    <property name="java.vm.name" value="Java HotSpot(TM) 64-Bit Server VM"/>
    <property name="localRepository" value="C:\Users\dimao\.m2\repository"/>
    <property name="java.vendor.url.bug" value="https://bugreport.java.com/bugreport/"/>
    <property name="java.io.tmpdir" value="C:\Users\dimao\AppData\Local\Temp\"/>
    <property name="catalina.home" value="C:\Users\dimao\AppData\Local\Temp\tomcat.0.15517469239723410949"/>
    <property name="com.zaxxer.hikari.pool_number" value="3"/>
    <property name="java.version" value="22"/>
    <property name="user.dir" value="D:\Projects\JAVA\Sytoss\Internship\lift-2024_rep"/>
    <property name="os.arch" value="amd64"/>
    <property name="java.vm.specification.name" value="Java Virtual Machine Specification"/>
    <property name="PID" value="27312"/>
    <property name="sun.os.patch.level" value=""/>
    <property name="CONSOLE_LOG_CHARSET" value="UTF-8"/>
    <property name="catalina.base" value="C:\Users\dimao\AppData\Local\Temp\tomcat.0.12183631277991228682"/>
    <property name="native.encoding" value="Cp1251"/>
    <property name="java.library.path" value="C:\Program Files\Java\jdk-22\bin;C:\Windows\Sun\Java\bin;C:\Windows\system32;C:\Windows;D:\Apps\Oracle\OracleData\dbhomeXE\bin;D:\Apps\Oracle\dbhomeXE\bin;D:\Apps\dbhomeXE\bin;C:\Python312\Scripts\;C:\Python312\;C:\Program Files (x86)\Windows Resource Kits\Tools\;C:\Program Files\Java\jdk-22\bin;D:\Apps\jdk\jdk-22_windows-x64_bin\jdk-22\bin;C:\Program Files\Common Files\Oracle\Java\javapath;C:\Program Files (x86)\Common Files\Oracle\Java\java8path;C:\Program Files (x86)\Common Files\Oracle\Java\javapath;C:\Windows\system32;C:\Windows;C:\Windows\System32\Wbem;C:\Windows\System32\WindowsPowerShell\v1.0\;C:\Windows\System32\OpenSSH\;C:\Program Files\Microsoft SQL Server\150\Tools\Binn\;C:\Program Files\Microsoft SQL Server\Client SDK\ODBC\170\Tools\Binn\;C:\Program Files (x86)\Microsoft SQL Server\150\Tools\Binn\;C:\Program Files\Microsoft SQL Server\150\DTS\Binn\;C:\Program Files (x86)\Microsoft SQL Server\150\DTS\Binn\;C:\Program Files\Azure Data Studio\bin;C:\Program Files\Calibre2\;C:\Program Files\NVIDIA Corporation\NVIDIA NvDLISR;C:\Program Files (x86)\NVIDIA Corporation\PhysX\Common;C:\Program Files (x86)\Rational\common;C:\Windows\System32;D:\Mongo Shell\mongosh-2.0.2-win32-x64\bin\;C:\Program Files\MongoDB\Server\7.0\bin\;C:\Users\dimao\AppData\Roaming\nvm;C:\Program Files\nodejs;C:\ProgramData\chocolatey\bin;C:\Program Files\dotnet\;C:\Program Files\PowerShell\7\;D:\Apps\Maven\apache-maven-3.9.6\bin;C:\Program Files\nodejs\;C:\Program Files\Docker\Docker\resources\bin;C:\Program Files\Git\cmd;C:\Users\dimao\AppData\Local\Programs\Microsoft VS Code\bin;C:\Users\dimao\AppData\Local\JetBrains\Toolbox\scripts;C:\Users\dimao\AppData\Roaming\npm;C:\Windows\System32\WindowsPowerShell\v1.0;;."/>
    <property name="java.vm.info" value="mixed mode, sharing"/>
    <property name="stderr.encoding" value="Cp1251"/>
    <property name="java.vendor" value="Oracle Corporation"/>
    <property name="java.vm.version" value="22+36-2370"/>
    <property name="sun.io.unicode.encoding" value="UnicodeLittle"/>
    <property name="java.class.version" value="66.0"/>
  </properties>
  <testcase name="Example #1.1" classname="Examples" time="23.858">
    <system-out><![CDATA[2024-05-29T12:27:46.911+03:00  INFO 27312 --- [           main] t.c.s.AnnotationConfigContextLoaderUtils : Could not detect default configuration classes for test class [org.sytoss.bdd.configuration.SpringIntegrationTest]: SpringIntegrationTest does not declare any static, non-private, non-final, nested classes annotated with @Configuration.
2024-05-29T12:27:46.925+03:00  INFO 27312 --- [           main] .b.t.c.SpringBootTestContextBootstrapper : Found @SpringBootConfiguration org.sytoss.LiftApplication for test class org.sytoss.bdd.configuration.SpringIntegrationTest

  .   ____          _            __ _ _
 /\\ / ___'_ __ _ _(_)_ __  __ _ \ \ \ \
( ( )\___ | '_ | '_| | '_ \/ _` | \ \ \ \
 \\/  ___)| |_)| | | | | || (_| |  ) ) ) )
  '  |____| .__|_| |_|_| |_\__, | / / / /
 =========|_|==============|___/=/_/_/_/
 :: Spring Boot ::                (v3.2.4)

2024-05-29T12:27:46.956+03:00  INFO 27312 --- [           main] o.s.b.c.SpringIntegrationTest            : Starting SpringIntegrationTest using Java 22 with PID 27312 (started by dimao in D:\Projects\JAVA\Sytoss\Internship\lift-2024_rep)
2024-05-29T12:27:46.956+03:00  INFO 27312 --- [           main] o.s.b.c.SpringIntegrationTest            : The following 1 profile is active: "test"
2024-05-29T12:27:47.315+03:00  INFO 27312 --- [           main] .s.d.r.c.RepositoryConfigurationDelegate : Bootstrapping Spring Data JPA repositories in DEFAULT mode.
2024-05-29T12:27:47.331+03:00  INFO 27312 --- [           main] .s.d.r.c.RepositoryConfigurationDelegate : Finished Spring Data repository scanning in 14 ms. Found 3 JPA repository interfaces.
2024-05-29T12:27:47.501+03:00  INFO 27312 --- [           main] o.s.b.w.embedded.tomcat.TomcatWebServer  : Tomcat initialized with port 0 (http)
2024-05-29T12:27:47.511+03:00  INFO 27312 --- [           main] o.apache.catalina.core.StandardService   : Starting service [Tomcat]
2024-05-29T12:27:47.512+03:00  INFO 27312 --- [           main] o.apache.catalina.core.StandardEngine    : Starting Servlet engine: [Apache Tomcat/10.1.19]
2024-05-29T12:27:47.543+03:00  INFO 27312 --- [           main] o.a.c.c.C.[Tomcat-2].[localhost].[/]     : Initializing Spring embedded WebApplicationContext
2024-05-29T12:27:47.543+03:00  INFO 27312 --- [           main] w.s.c.ServletWebServerApplicationContext : Root WebApplicationContext: initialization completed in 585 ms
2024-05-29T12:27:47.627+03:00  INFO 27312 --- [           main] com.zaxxer.hikari.HikariDataSource       : HikariPool-3 - Starting...
2024-05-29T12:27:47.630+03:00  INFO 27312 --- [           main] com.zaxxer.hikari.pool.HikariPool        : HikariPool-3 - Added connection conn20: url=jdbc:h2:mem:testdb user=SA
2024-05-29T12:27:47.630+03:00  INFO 27312 --- [           main] com.zaxxer.hikari.HikariDataSource       : HikariPool-3 - Start completed.
2024-05-29T12:27:47.631+03:00  INFO 27312 --- [           main] o.s.b.a.h2.H2ConsoleAutoConfiguration    : H2 console available at '/h2-console'. Database available at 'jdbc:h2:mem:testdb'
2024-05-29T12:27:47.679+03:00  INFO 27312 --- [           main] liquibase.database                       : Set default schema name to PUBLIC
2024-05-29T12:27:47.709+03:00  INFO 27312 --- [           main] liquibase.changelog                      : Creating database history table with name: PUBLIC.DATABASECHANGELOG
2024-05-29T12:27:47.721+03:00  INFO 27312 --- [           main] liquibase.changelog                      : Reading from PUBLIC.DATABASECHANGELOG
2024-05-29T12:27:47.807+03:00  INFO 27312 --- [           main] liquibase.lockservice                    : Successfully acquired change log lock
2024-05-29T12:27:47.808+03:00  INFO 27312 --- [           main] liquibase.command                        : Using deploymentId: 6974867807
2024-05-29T12:27:47.809+03:00  INFO 27312 --- [           main] liquibase.changelog                      : Reading from PUBLIC.DATABASECHANGELOG
2024-05-29T12:27:47.819+03:00  INFO 27312 --- [           main] liquibase.ui                             : Running Changeset: db/changelog/changeset/ed-5.yaml::ed-5.1.1::vladyslavh
2024-05-29T12:27:47.827+03:00  INFO 27312 --- [           main] liquibase.changelog                      : Sequence ADDRESS_SEQ_ID created
2024-05-29T12:27:47.828+03:00  INFO 27312 --- [           main] liquibase.changelog                      : ChangeSet db/changelog/changeset/ed-5.yaml::ed-5.1.1::vladyslavh ran successfully in 6ms
2024-05-29T12:27:47.842+03:00  INFO 27312 --- [           main] liquibase.ui                             : Running Changeset: db/changelog/changeset/ed-5.yaml::ed-5.1.2::vladyslavh
2024-05-29T12:27:47.847+03:00  INFO 27312 --- [           main] liquibase.changelog                      : Table ADDRESS created
2024-05-29T12:27:47.848+03:00  INFO 27312 --- [           main] liquibase.changelog                      : ChangeSet db/changelog/changeset/ed-5.yaml::ed-5.1.2::vladyslavh ran successfully in 6ms
2024-05-29T12:27:47.852+03:00  INFO 27312 --- [           main] liquibase.ui                             : Running Changeset: db/changelog/changeset/ed-5.yaml::ed-5.2.1::vladyslavh
2024-05-29T12:27:47.853+03:00  INFO 27312 --- [           main] liquibase.changelog                      : Sequence BUILDING_SEQ_ID created
2024-05-29T12:27:47.853+03:00  INFO 27312 --- [           main] liquibase.changelog                      : ChangeSet db/changelog/changeset/ed-5.yaml::ed-5.2.1::vladyslavh ran successfully in 1ms
2024-05-29T12:27:47.857+03:00  INFO 27312 --- [           main] liquibase.ui                             : Running Changeset: db/changelog/changeset/ed-5.yaml::ed-5.2.2::vladyslavh
2024-05-29T12:27:47.867+03:00  INFO 27312 --- [           main] liquibase.changelog                      : Table BUILDING created
2024-05-29T12:27:47.868+03:00  INFO 27312 --- [           main] liquibase.changelog                      : ChangeSet db/changelog/changeset/ed-5.yaml::ed-5.2.2::vladyslavh ran successfully in 10ms
2024-05-29T12:27:47.873+03:00  INFO 27312 --- [           main] liquibase.ui                             : Running Changeset: db/changelog/changeset/ed-4.yaml::ed-4.2::zhenyad
2024-05-29T12:27:47.876+03:00  INFO 27312 --- [           main] liquibase.changelog                      : Table CABIN created
2024-05-29T12:27:47.876+03:00  INFO 27312 --- [           main] liquibase.changelog                      : ChangeSet db/changelog/changeset/ed-4.yaml::ed-4.2::zhenyad ran successfully in 3ms
2024-05-29T12:27:47.878+03:00  INFO 27312 --- [           main] liquibase.ui                             : Running Changeset: db/changelog/changeset/ed-4.yaml::ed-4.1::zhenyad
2024-05-29T12:27:47.880+03:00  INFO 27312 --- [           main] liquibase.changelog                      : Table ENGINE created
2024-05-29T12:27:47.880+03:00  INFO 27312 --- [           main] liquibase.changelog                      : ChangeSet db/changelog/changeset/ed-4.yaml::ed-4.1::zhenyad ran successfully in 2ms
2024-05-29T12:27:47.882+03:00  INFO 27312 --- [           main] liquibase.ui                             : Running Changeset: db/changelog/changeset/ed-4.yaml::ed-4.3.1::daniilz
2024-05-29T12:27:47.885+03:00  INFO 27312 --- [           main] liquibase.changelog                      : Sequence LIFT_SEQ_ID created
2024-05-29T12:27:47.885+03:00  INFO 27312 --- [           main] liquibase.changelog                      : ChangeSet db/changelog/changeset/ed-4.yaml::ed-4.3.1::daniilz ran successfully in 3ms
2024-05-29T12:27:47.887+03:00  INFO 27312 --- [           main] liquibase.ui                             : Running Changeset: db/changelog/changeset/ed-4.yaml::ed-4.3.2::zhenyad
2024-05-29T12:27:47.895+03:00  INFO 27312 --- [           main] liquibase.changelog                      : Table LIFT created
2024-05-29T12:27:47.895+03:00  INFO 27312 --- [           main] liquibase.changelog                      : ChangeSet db/changelog/changeset/ed-4.yaml::ed-4.3.2::zhenyad ran successfully in 8ms
2024-05-29T12:27:47.899+03:00  INFO 27312 --- [           main] liquibase.ui                             : Running Changeset: db/changelog/changeset/ed-6.yaml::ed-6.1::romab
2024-05-29T12:27:47.910+03:00  INFO 27312 --- [           main] liquibase.changelog                      : Columns STATUS(varchar(50)) added to ENGINE
2024-05-29T12:27:47.911+03:00  INFO 27312 --- [           main] liquibase.changelog                      : ChangeSet db/changelog/changeset/ed-6.yaml::ed-6.1::romab ran successfully in 11ms
2024-05-29T12:27:47.913+03:00  INFO 27312 --- [           main] liquibase.ui                             : Running Changeset: db/changelog/changeset/ed-6.yaml::ed-6.2::daniilz
2024-05-29T12:27:47.920+03:00  INFO 27312 --- [           main] liquibase.changelog                      : Columns STATUS(varchar(50)) added to LIFT
2024-05-29T12:27:47.920+03:00  INFO 27312 --- [           main] liquibase.changelog                      : ChangeSet db/changelog/changeset/ed-6.yaml::ed-6.2::daniilz ran successfully in 7ms
2024-05-29T12:27:47.922+03:00  INFO 27312 --- [           main] liquibase.ui                             : Running Changeset: db/changelog/changeset/ed-39.yaml::ed-39.1::romab
2024-05-29T12:27:47.928+03:00  INFO 27312 --- [           main] liquibase.changelog                      : Columns FLOOR_NUMBERS(varchar(255)) added to LIFT
2024-05-29T12:27:47.929+03:00  INFO 27312 --- [           main] liquibase.changelog                      : ChangeSet db/changelog/changeset/ed-39.yaml::ed-39.1::romab ran successfully in 7ms
2024-05-29T12:27:47.932+03:00  INFO 27312 --- [           main] liquibase.util                           : UPDATE SUMMARY
2024-05-29T12:27:47.932+03:00  INFO 27312 --- [           main] liquibase.util                           : Run:                         11
2024-05-29T12:27:47.932+03:00  INFO 27312 --- [           main] liquibase.util                           : Previously run:               0
2024-05-29T12:27:47.932+03:00  INFO 27312 --- [           main] liquibase.util                           : Filtered out:                 0
2024-05-29T12:27:47.932+03:00  INFO 27312 --- [           main] liquibase.util                           : -------------------------------
2024-05-29T12:27:47.932+03:00  INFO 27312 --- [           main] liquibase.util                           : Total change sets:           11
2024-05-29T12:27:47.932+03:00  INFO 27312 --- [           main] liquibase.util                           : Update summary generated
2024-05-29T12:27:47.938+03:00  INFO 27312 --- [           main] liquibase.command                        : Update command completed successfully.
2024-05-29T12:27:47.938+03:00  INFO 27312 --- [           main] liquibase.ui                             : Liquibase: Update has been successful. Rows affected: 11
2024-05-29T12:27:47.940+03:00  INFO 27312 --- [           main] liquibase.lockservice                    : Successfully released change log lock
2024-05-29T12:27:47.940+03:00  INFO 27312 --- [           main] liquibase.command                        : Command execution complete
2024-05-29T12:27:47.976+03:00  INFO 27312 --- [           main] o.hibernate.jpa.internal.util.LogHelper  : HHH000204: Processing PersistenceUnitInfo [name: default]
2024-05-29T12:27:47.979+03:00  INFO 27312 --- [           main] o.h.c.internal.RegionFactoryInitiator    : HHH000026: Second-level cache disabled
2024-05-29T12:27:47.983+03:00  INFO 27312 --- [           main] o.s.o.j.p.SpringPersistenceUnitInfo      : No LoadTimeWeaver setup: ignoring JPA class transformer
2024-05-29T12:27:47.984+03:00  WARN 27312 --- [           main] org.hibernate.orm.deprecation            : HHH90000025: H2Dialect does not need to be specified explicitly using 'hibernate.dialect' (remove the property setting and it will be selected by default)
2024-05-29T12:27:48.082+03:00  INFO 27312 --- [           main] o.h.e.t.j.p.i.JtaPlatformInitiator       : HHH000489: No JTA platform available (set 'hibernate.transaction.jta.platform' to enable JTA platform integration)
2024-05-29T12:27:48.084+03:00  INFO 27312 --- [           main] j.LocalContainerEntityManagerFactoryBean : Initialized JPA EntityManagerFactory for persistence unit 'default'
2024-05-29T12:27:48.292+03:00  WARN 27312 --- [           main] JpaBaseConfiguration$JpaWebConfiguration : spring.jpa.open-in-view is enabled by default. Therefore, database queries may be performed during view rendering. Explicitly configure spring.jpa.open-in-view to disable this warning
2024-05-29T12:27:48.698+03:00  INFO 27312 --- [           main] o.s.b.a.e.web.EndpointLinksResolver      : Exposing 1 endpoint(s) beneath base path '/actuator'
2024-05-29T12:27:48.739+03:00  INFO 27312 --- [           main] o.s.b.w.embedded.tomcat.TomcatWebServer  : Tomcat started on port 58881 (http) with context path ''
2024-05-29T12:27:48.755+03:00  INFO 27312 --- [           main] o.s.b.c.SpringIntegrationTest            : Started SpringIntegrationTest in 1.828 seconds (process running for 23.034)

Scenario Outline:                                                        &amp#27;[90m# feature/cabinShouldStopOnEachFloorCalledByInnerButton.feature:24&amp#27;[0m
2024-05-29T12:27:48.872+03:00  INFO 27312 --- [           main] o.s.bdd.configuration.CucumberHooks      : Run CucumberHooks Before init
  &amp#27;[32mGiven &amp#27;[0m&amp#27;[32mbuildings exist&amp#27;[0m                                                  &amp#27;[90m# org.sytoss.bdd.steps.given.BuildingGiven.buildingsExist(java.util.List<org.sytoss.bom.Building>)&amp#27;[0m
    | id | floorCount | city    | street   | buildingNumber |
    | *1 | 10         | Kharkov | Sumskaya | 26             |
  &amp#27;[32mAnd &amp#27;[0m&amp#27;[32mthe building has following lift&amp#27;[0m                                    &amp#27;[90m# org.sytoss.bdd.steps.given.LiftGiven.theBuildingHasFollowingLift(org.sytoss.bom.Lift)&amp#27;[0m
    | id | cabinPosition | button template | cabin serialNumber | doorStatus | cabin type | engine serialNumber | engine type | engineStatus | buildingId |
    | *1 | 1             | UP_DOWN         | CA123B1            | CLOSED     | small      | BP125B1             | common      | STOPPED      | *1         |
  &amp#27;[32mGiven &amp#27;[0m&amp#27;[32mCabin is on the &amp#27;[0m&amp#27;[32m&amp#27;[1m5&amp#27;[0m&amp#27;[32m floor&amp#27;[0m                                          &amp#27;[90m# org.sytoss.bdd.steps.given.LiftGiven.cabinIsOnTheFloor(int)&amp#27;[0m
  &amp#27;[32mAnd &amp#27;[0m&amp#27;[32mDoor is &amp#27;[0m&amp#27;[32m&amp#27;[1m"CLOSED"&amp#27;[0m                                                   &amp#27;[90m# org.sytoss.bdd.steps.given.LiftGiven.doorIsClosed(java.lang.String)&amp#27;[0m
2024-05-29T12:27:49.127+03:00  INFO 27312 --- [           main] org.sytoss.bdd.steps.when.LiftWhen       : Sent floor was 1
2024-05-29T12:27:49.128+03:00  INFO 27312 --- [           main] org.sytoss.bdd.steps.when.LiftWhen       : Sent floor was 2
2024-05-29T12:27:49.128+03:00  INFO 27312 --- [           main] org.sytoss.bdd.steps.when.LiftWhen       : Sent floor was 5
2024-05-29T12:27:49.128+03:00  INFO 27312 --- [           main] org.sytoss.bdd.steps.when.LiftWhen       : Sent floor was 7
2024-05-29T12:27:50.142+03:00  INFO 27312 --- [pool-7-thread-1] org.sytoss.bdd.steps.when.LiftWhen       : Floor number is 1 and buildingID is 1
2024-05-29T12:27:50.295+03:00  INFO 27312 --- [o-auto-3-exec-1] o.a.c.c.C.[Tomcat-2].[localhost].[/]     : Initializing Spring DispatcherServlet 'dispatcherServlet'
2024-05-29T12:27:50.296+03:00  INFO 27312 --- [o-auto-3-exec-1] o.s.web.servlet.DispatcherServlet        : Initializing Servlet 'dispatcherServlet'
2024-05-29T12:27:50.297+03:00  INFO 27312 --- [o-auto-3-exec-1] o.s.web.servlet.DispatcherServlet        : Completed initialization in 1 ms
2024-05-29T12:27:50.322+03:00  INFO 27312 --- [pool-8-thread-1] org.sytoss.service.LiftService           : LiftService is busied
2024-05-29T12:27:50.415+03:00  INFO 27312 --- [pool-8-thread-1] org.sytoss.service.LiftService           : Lift is on: 5
2024-05-29T12:27:50.427+03:00  INFO 27312 --- [pool-8-thread-1] org.sytoss.service.LiftService           : Lift 1 will be moving to next floor 4 with status BUSY
2024-05-29T12:27:50.428+03:00  INFO 27312 --- [pool-8-thread-1] org.sytoss.service.LiftService           : Next floor: 4
2024-05-29T12:27:50.428+03:00  INFO 27312 --- [pool-8-thread-1] org.sytoss.service.LiftService           : Lift 1 Start engine with status RUNNING_DOWN
2024-05-29T12:27:51.152+03:00  INFO 27312 --- [pool-7-thread-2] org.sytoss.bdd.steps.when.LiftWhen       : Floor number is 2 and buildingID is 1
2024-05-29T12:27:52.170+03:00  INFO 27312 --- [pool-7-thread-3] org.sytoss.bdd.steps.when.LiftWhen       : Floor number is 5 and buildingID is 1
2024-05-29T12:27:52.433+03:00  INFO 27312 --- [pool-8-thread-1] org.sytoss.service.LiftService           : Lift is on: 4
2024-05-29T12:27:52.448+03:00  INFO 27312 --- [pool-8-thread-1] org.sytoss.service.LiftService           : Lift 1 will be moving to next floor 3 with status BUSY
2024-05-29T12:27:52.448+03:00  INFO 27312 --- [pool-8-thread-1] org.sytoss.service.LiftService           : Next floor: 3
2024-05-29T12:27:53.176+03:00  INFO 27312 --- [pool-7-thread-4] org.sytoss.bdd.steps.when.LiftWhen       : Floor number is 7 and buildingID is 1
2024-05-29T12:27:54.455+03:00  INFO 27312 --- [pool-8-thread-1] org.sytoss.service.LiftService           : Lift is on: 3
2024-05-29T12:27:54.465+03:00  INFO 27312 --- [pool-8-thread-1] org.sytoss.service.LiftService           : Lift 1 will be moving to next floor 2 with status BUSY
2024-05-29T12:27:54.466+03:00  INFO 27312 --- [pool-8-thread-1] org.sytoss.service.LiftService           : Next floor: 2
2024-05-29T12:27:56.470+03:00  INFO 27312 --- [pool-8-thread-1] org.sytoss.service.LiftService           : Lift is on: 2
2024-05-29T12:27:56.479+03:00  INFO 27312 --- [pool-8-thread-1] org.sytoss.service.LiftService           : Stop is engine
2024-05-29T12:27:56.479+03:00  INFO 27312 --- [pool-8-thread-1] org.sytoss.service.LiftService           : Open door
2024-05-29T12:27:56.491+03:00  INFO 27312 --- [pool-8-thread-1] org.sytoss.service.LiftService           : Lift 1 will be moving to next floor 1 with status FREE
2024-05-29T12:27:56.492+03:00  INFO 27312 --- [pool-8-thread-1] org.sytoss.service.LiftService           : Next floor: 1
2024-05-29T12:27:56.492+03:00  INFO 27312 --- [pool-8-thread-1] org.sytoss.service.LiftService           : Lift 1 Door closed
2024-05-29T12:27:56.492+03:00  INFO 27312 --- [pool-8-thread-1] org.sytoss.service.LiftService           : Lift 1 Start engine with status RUNNING_DOWN
2024-05-29T12:27:58.502+03:00  INFO 27312 --- [pool-8-thread-1] org.sytoss.service.LiftService           : Lift is on: 1
2024-05-29T12:27:58.513+03:00  INFO 27312 --- [pool-8-thread-1] org.sytoss.service.LiftService           : Stop is engine
2024-05-29T12:27:58.513+03:00  INFO 27312 --- [pool-8-thread-1] org.sytoss.service.LiftService           : Open door
2024-05-29T12:27:58.526+03:00  INFO 27312 --- [pool-8-thread-1] org.sytoss.service.LiftService           : Lift 1 will be moving to next floor 2 with status FREE
2024-05-29T12:27:58.526+03:00  INFO 27312 --- [pool-8-thread-1] org.sytoss.service.LiftService           : Next floor: 2
2024-05-29T12:27:58.527+03:00  INFO 27312 --- [pool-8-thread-1] org.sytoss.service.LiftService           : Lift 1 Door closed
2024-05-29T12:27:58.527+03:00  INFO 27312 --- [pool-8-thread-1] org.sytoss.service.LiftService           : Lift 1 Start engine with status RUNNING_UP
2024-05-29T12:28:00.540+03:00  INFO 27312 --- [pool-8-thread-1] org.sytoss.service.LiftService           : Lift is on: 2
2024-05-29T12:28:00.549+03:00  INFO 27312 --- [pool-8-thread-1] org.sytoss.service.LiftService           : Lift 1 will be moving to next floor 3 with status FREE
2024-05-29T12:28:00.549+03:00  INFO 27312 --- [pool-8-thread-1] org.sytoss.service.LiftService           : Next floor: 3
2024-05-29T12:28:02.560+03:00  INFO 27312 --- [pool-8-thread-1] org.sytoss.service.LiftService           : Lift is on: 3
2024-05-29T12:28:02.572+03:00  INFO 27312 --- [pool-8-thread-1] org.sytoss.service.LiftService           : Lift 1 will be moving to next floor 4 with status FREE
2024-05-29T12:28:02.572+03:00  INFO 27312 --- [pool-8-thread-1] org.sytoss.service.LiftService           : Next floor: 4
2024-05-29T12:28:04.589+03:00  INFO 27312 --- [pool-8-thread-1] org.sytoss.service.LiftService           : Lift is on: 4
2024-05-29T12:28:04.602+03:00  INFO 27312 --- [pool-8-thread-1] org.sytoss.service.LiftService           : Lift 1 will be moving to next floor 5 with status FREE
2024-05-29T12:28:04.602+03:00  INFO 27312 --- [pool-8-thread-1] org.sytoss.service.LiftService           : Next floor: 5
2024-05-29T12:28:06.611+03:00  INFO 27312 --- [pool-8-thread-1] org.sytoss.service.LiftService           : Lift is on: 5
2024-05-29T12:28:06.618+03:00  INFO 27312 --- [pool-8-thread-1] org.sytoss.service.LiftService           : Stop is engine
2024-05-29T12:28:06.618+03:00  INFO 27312 --- [pool-8-thread-1] org.sytoss.service.LiftService           : Open door
2024-05-29T12:28:06.624+03:00  INFO 27312 --- [pool-8-thread-1] org.sytoss.service.LiftService           : Lift 1 will be moving to next floor 6 with status FREE
2024-05-29T12:28:06.624+03:00  INFO 27312 --- [pool-8-thread-1] org.sytoss.service.LiftService           : Next floor: 6
2024-05-29T12:28:06.625+03:00  INFO 27312 --- [pool-8-thread-1] org.sytoss.service.LiftService           : Lift 1 Door closed
2024-05-29T12:28:06.625+03:00  INFO 27312 --- [pool-8-thread-1] org.sytoss.service.LiftService           : Lift 1 Start engine with status RUNNING_UP
2024-05-29T12:28:08.629+03:00  INFO 27312 --- [pool-8-thread-1] org.sytoss.service.LiftService           : Lift is on: 6
2024-05-29T12:28:08.641+03:00  INFO 27312 --- [pool-8-thread-1] org.sytoss.service.LiftService           : Lift 1 will be moving to next floor 7 with status FREE
2024-05-29T12:28:08.641+03:00  INFO 27312 --- [pool-8-thread-1] org.sytoss.service.LiftService           : Next floor: 7
2024-05-29T12:28:10.646+03:00  INFO 27312 --- [pool-8-thread-1] org.sytoss.service.LiftService           : Lift is on: 7
2024-05-29T12:28:10.654+03:00  INFO 27312 --- [pool-8-thread-1] org.sytoss.service.LiftService           : Stop is engine
2024-05-29T12:28:10.654+03:00  INFO 27312 --- [pool-8-thread-1] org.sytoss.service.LiftService           : Open door
  &amp#27;[32mWhen &amp#27;[0m&amp#27;[32mI click on the inner button that points to the &amp#27;[0m&amp#27;[32m&amp#27;[1m[1, 2, 5, 7]&amp#27;[0m&amp#27;[32m floor&amp#27;[0m &amp#27;[90m# org.sytoss.bdd.steps.when.LiftWhen.iClickOnTheInnerButtonThatPointsToTheFloor(java.util.List<java.lang.Integer>)&amp#27;[0m
  &amp#27;[32mThen &amp#27;[0m&amp#27;[32moperations should be successful&amp#27;[0m                                   &amp#27;[90m# org.sytoss.bdd.steps.then.BuildingThen.operationsShouldBeSuccessful()&amp#27;[0m
  &amp#27;[32mAnd &amp#27;[0m&amp#27;[32mdoor was &amp#27;[0m&amp#27;[32m&amp#27;[1m"CLOSED"&amp#27;[0m&amp#27;[32m &amp#27;[0m&amp#27;[32m&amp#27;[1m3&amp#27;[0m&amp#27;[32m times&amp#27;[0m                                          &amp#27;[90m# org.sytoss.bdd.steps.then.DoorThen.doorWas(java.lang.String,int)&amp#27;[0m
  &amp#27;[32mAnd &amp#27;[0m&amp#27;[32mengine was &amp#27;[0m&amp#27;[32m&amp#27;[1m"RUNNING_UP"&amp#27;[0m&amp#27;[32m or &amp#27;[0m&amp#27;[32m&amp#27;[1m"RUNNING_DOWN"&amp#27;[0m&amp#27;[32m &amp#27;[0m&amp#27;[32m&amp#27;[1m4&amp#27;[0m&amp#27;[32m times&amp#27;[0m                  &amp#27;[90m# org.sytoss.bdd.steps.then.EngineThen.engineWasOr(java.lang.String,java.lang.String,int)&amp#27;[0m
  &amp#27;[32mAnd &amp#27;[0m&amp#27;[32mcabin should be moved to the &amp#27;[0m&amp#27;[32m&amp#27;[1m[1, 2, 5, 7]&amp#27;[0m&amp#27;[32m floor&amp#27;[0m                    &amp#27;[90m# org.sytoss.bdd.steps.then.LiftThen.cabinShouldBeMovedToTheFloor(java.util.List<java.lang.Integer>)&amp#27;[0m
  &amp#27;[32mAnd &amp#27;[0m&amp#27;[32mengine should be &amp#27;[0m&amp#27;[32m&amp#27;[1m"STOPPED"&amp#27;[0m&amp#27;[32m &amp#27;[0m&amp#27;[32m&amp#27;[1m4&amp#27;[0m&amp#27;[32m times&amp#27;[0m                                 &amp#27;[90m# org.sytoss.bdd.steps.then.EngineThen.engine(java.lang.String,int)&amp#27;[0m
  &amp#27;[32mAnd &amp#27;[0m&amp#27;[32mthe door should be &amp#27;[0m&amp#27;[32m&amp#27;[1m"OPEN"&amp#27;[0m&amp#27;[32m &amp#27;[0m&amp#27;[32m&amp#27;[1m4&amp#27;[0m&amp#27;[32m times&amp#27;[0m                                  &amp#27;[90m# org.sytoss.bdd.steps.then.DoorThen.theDoor(java.lang.String,int)&amp#27;[0m
2024-05-29T12:28:10.730+03:00  INFO 27312 --- [           main] o.s.bdd.configuration.CucumberHooks      : tearDown completed...
]]></system-out>
  </testcase>
  <testcase name="Example #1.1" classname="Examples" time="8.182">
    <system-out><![CDATA[2024-05-29T12:28:36.102+03:00  INFO 27312 --- [           main] t.c.s.AnnotationConfigContextLoaderUtils : Could not detect default configuration classes for test class [org.sytoss.bdd.configuration.SpringIntegrationTest]: SpringIntegrationTest does not declare any static, non-private, non-final, nested classes annotated with @Configuration.
2024-05-29T12:28:36.104+03:00  INFO 27312 --- [           main] .b.t.c.SpringBootTestContextBootstrapper : Found @SpringBootConfiguration org.sytoss.LiftApplication for test class org.sytoss.bdd.configuration.SpringIntegrationTest

Scenario Outline: Passenger clicks on outer button and lift delivers a cabin on the correspond floor &amp#27;[90m# feature/call-cabin-by-outer-button.feature:21&amp#27;[0m
2024-05-29T12:28:36.118+03:00  INFO 27312 --- [           main] o.s.bdd.configuration.CucumberHooks      : Run CucumberHooks Before init
  &amp#27;[32mGiven &amp#27;[0m&amp#27;[32mbuildings exist&amp#27;[0m                                                                              &amp#27;[90m# org.sytoss.bdd.steps.given.BuildingGiven.buildingsExist(java.util.List<org.sytoss.bom.Building>)&amp#27;[0m
    | id | floorCount | city    | street   | buildingNumber |
    | *1 | 10         | Kharkov | Sumskaya | 26             |
  &amp#27;[32mAnd &amp#27;[0m&amp#27;[32mthe building has lift with &amp#27;[0m&amp#27;[32m&amp#27;[1m"STOPPED"&amp#27;[0m&amp#27;[32m engine, cabin with &amp#27;[0m&amp#27;[32m&amp#27;[1m"CLOSED"&amp#27;[0m&amp#27;[32m doors&amp#27;[0m                         &amp#27;[90m# org.sytoss.bdd.steps.given.LiftGiven.theBuildingHasLiftWithEngineCabinWithDoors(java.lang.String,java.lang.String)&amp#27;[0m
  &amp#27;[32mGiven &amp#27;[0m&amp#27;[32mCabin is on the &amp#27;[0m&amp#27;[32m&amp#27;[1m1&amp#27;[0m&amp#27;[32m floor&amp#27;[0m                                                                      &amp#27;[90m# org.sytoss.bdd.steps.given.LiftGiven.cabinIsOnTheFloor(int)&amp#27;[0m
2024-05-29T12:28:36.162+03:00  INFO 27312 --- [ool-17-thread-1] org.sytoss.service.LiftService           : LiftService is busied
2024-05-29T12:28:36.172+03:00  INFO 27312 --- [ool-17-thread-1] org.sytoss.service.LiftService           : Lift is on: 1
2024-05-29T12:28:36.177+03:00  INFO 27312 --- [ool-17-thread-1] org.sytoss.service.LiftService           : Lift 1 will be moving to next floor 2 with status BUSY
2024-05-29T12:28:36.177+03:00  INFO 27312 --- [ool-17-thread-1] org.sytoss.service.LiftService           : Next floor: 2
2024-05-29T12:28:36.177+03:00  INFO 27312 --- [ool-17-thread-1] org.sytoss.service.LiftService           : Lift 1 Door closed
2024-05-29T12:28:36.177+03:00  INFO 27312 --- [ool-17-thread-1] org.sytoss.service.LiftService           : Lift 1 Start engine with status RUNNING_UP
2024-05-29T12:28:38.182+03:00  INFO 27312 --- [ool-17-thread-1] org.sytoss.service.LiftService           : Lift is on: 2
2024-05-29T12:28:38.190+03:00  INFO 27312 --- [ool-17-thread-1] org.sytoss.service.LiftService           : Lift 1 will be moving to next floor 3 with status BUSY
2024-05-29T12:28:38.190+03:00  INFO 27312 --- [ool-17-thread-1] org.sytoss.service.LiftService           : Next floor: 3
2024-05-29T12:28:40.198+03:00  INFO 27312 --- [ool-17-thread-1] org.sytoss.service.LiftService           : Lift is on: 3
2024-05-29T12:28:40.208+03:00  INFO 27312 --- [ool-17-thread-1] org.sytoss.service.LiftService           : Lift 1 will be moving to next floor 4 with status BUSY
2024-05-29T12:28:40.210+03:00  INFO 27312 --- [ool-17-thread-1] org.sytoss.service.LiftService           : Next floor: 4
2024-05-29T12:28:42.214+03:00  INFO 27312 --- [ool-17-thread-1] org.sytoss.service.LiftService           : Lift is on: 4
2024-05-29T12:28:42.222+03:00  INFO 27312 --- [ool-17-thread-1] org.sytoss.service.LiftService           : Lift 1 will be moving to next floor 5 with status BUSY
2024-05-29T12:28:42.222+03:00  INFO 27312 --- [ool-17-thread-1] org.sytoss.service.LiftService           : Next floor: 5
2024-05-29T12:28:44.232+03:00  INFO 27312 --- [ool-17-thread-1] org.sytoss.service.LiftService           : Lift is on: 5
2024-05-29T12:28:44.240+03:00  INFO 27312 --- [ool-17-thread-1] org.sytoss.service.LiftService           : Stop is engine
2024-05-29T12:28:44.240+03:00  INFO 27312 --- [ool-17-thread-1] org.sytoss.service.LiftService           : Open door
  &amp#27;[32mWhen &amp#27;[0m&amp#27;[32mI click on the outer button on the &amp#27;[0m&amp#27;[32m&amp#27;[1m5&amp#27;[0m&amp#27;[32m floor&amp#27;[0m                                                    &amp#27;[90m# org.sytoss.bdd.steps.when.LiftWhen.iClickOnTheOuterButtonOnTheFloor(int)&amp#27;[0m
  &amp#27;[32mThen &amp#27;[0m&amp#27;[32moperation should be successful&amp#27;[0m                                                                &amp#27;[90m# org.sytoss.bdd.steps.then.BuildingThen.operationIsSuccessful()&amp#27;[0m
  &amp#27;[32mAnd &amp#27;[0m&amp#27;[32mthe engine of the free lift was &amp#27;[0m&amp#27;[32m&amp#27;[1m"RUNNING_UP"&amp#27;[0m                                                   &amp#27;[90m# org.sytoss.bdd.steps.then.EngineThen.theEngineOfTheFreeLiftWas(java.lang.String)&amp#27;[0m
  &amp#27;[32mAnd &amp#27;[0m&amp#27;[32mthe cabin moved to &amp#27;[0m&amp#27;[32m&amp#27;[1m5&amp#27;[0m                                                                           &amp#27;[90m# org.sytoss.bdd.steps.then.LiftThen.theCabinMovedTo(int)&amp#27;[0m
  &amp#27;[32mAnd &amp#27;[0m&amp#27;[32mlift was &amp#27;[0m&amp#27;[32m&amp#27;[1m"BUSY"&amp#27;[0m                                                                                &amp#27;[90m# org.sytoss.bdd.steps.then.LiftThen.lift(java.lang.String)&amp#27;[0m
  &amp#27;[32mAnd &amp#27;[0m&amp#27;[32mengine should be &amp#27;[0m&amp#27;[32m&amp#27;[1m"STOPPED"&amp#27;[0m&amp#27;[32m &amp#27;[0m&amp#27;[32m&amp#27;[1m1&amp#27;[0m&amp#27;[32m times&amp#27;[0m                                                             &amp#27;[90m# org.sytoss.bdd.steps.then.EngineThen.engine(java.lang.String,int)&amp#27;[0m
  &amp#27;[32mAnd &amp#27;[0m&amp#27;[32mthe door should be &amp#27;[0m&amp#27;[32m&amp#27;[1m"OPEN"&amp#27;[0m&amp#27;[32m &amp#27;[0m&amp#27;[32m&amp#27;[1m1&amp#27;[0m&amp#27;[32m times&amp#27;[0m                                                              &amp#27;[90m# org.sytoss.bdd.steps.then.DoorThen.theDoor(java.lang.String,int)&amp#27;[0m
2024-05-29T12:28:44.279+03:00  INFO 27312 --- [           main] o.s.bdd.configuration.CucumberHooks      : tearDown completed...
]]></system-out>
  </testcase>
  <testcase name="Example #1.1" classname="Examples" time="0.059">
    <system-out><![CDATA[2024-05-29T12:28:46.406+03:00  INFO 27312 --- [           main] t.c.s.AnnotationConfigContextLoaderUtils : Could not detect default configuration classes for test class [org.sytoss.bdd.configuration.SpringIntegrationTest]: SpringIntegrationTest does not declare any static, non-private, non-final, nested classes annotated with @Configuration.
2024-05-29T12:28:46.408+03:00  INFO 27312 --- [           main] .b.t.c.SpringBootTestContextBootstrapper : Found @SpringBootConfiguration org.sytoss.LiftApplication for test class org.sytoss.bdd.configuration.SpringIntegrationTest

Scenario Outline: Passenger clicks on outer button with invalid params       &amp#27;[90m# feature/call-cabin-by-outer-button.feature:31&amp#27;[0m
2024-05-29T12:28:46.416+03:00  INFO 27312 --- [           main] o.s.bdd.configuration.CucumberHooks      : Run CucumberHooks Before init
  &amp#27;[32mGiven &amp#27;[0m&amp#27;[32mbuildings exist&amp#27;[0m                                                      &amp#27;[90m# org.sytoss.bdd.steps.given.BuildingGiven.buildingsExist(java.util.List<org.sytoss.bom.Building>)&amp#27;[0m
    | id | floorCount | city    | street   | buildingNumber |
    | *1 | 10         | Kharkov | Sumskaya | 26             |
  &amp#27;[32mAnd &amp#27;[0m&amp#27;[32mthe building has lift with &amp#27;[0m&amp#27;[32m&amp#27;[1m"STOPPED"&amp#27;[0m&amp#27;[32m engine, cabin with &amp#27;[0m&amp#27;[32m&amp#27;[1m"CLOSED"&amp#27;[0m&amp#27;[32m doors&amp#27;[0m &amp#27;[90m# org.sytoss.bdd.steps.given.LiftGiven.theBuildingHasLiftWithEngineCabinWithDoors(java.lang.String,java.lang.String)&amp#27;[0m
  &amp#27;[32mGiven &amp#27;[0m&amp#27;[32mCabin is on the &amp#27;[0m&amp#27;[32m&amp#27;[1m4&amp#27;[0m&amp#27;[32m floor&amp#27;[0m                                              &amp#27;[90m# org.sytoss.bdd.steps.given.LiftGiven.cabinIsOnTheFloor(int)&amp#27;[0m
  &amp#27;[32mWhen &amp#27;[0m&amp#27;[32mI click on the outer button on the &amp#27;[0m&amp#27;[32m&amp#27;[1m20&amp#27;[0m&amp#27;[32m floor&amp#27;[0m                           &amp#27;[90m# org.sytoss.bdd.steps.when.LiftWhen.iClickOnTheOuterButtonOnTheFloor(int)&amp#27;[0m
  &amp#27;[32mThen &amp#27;[0m&amp#27;[32moperation should fail with &amp#27;[0m&amp#27;[32m&amp#27;[1m400&amp#27;[0m&amp#27;[32m error&amp#27;[0m                                  &amp#27;[90m# org.sytoss.bdd.steps.then.BuildingThen.operationFailedWithError(int)&amp#27;[0m
2024-05-29T12:28:46.461+03:00  INFO 27312 --- [           main] o.s.bdd.configuration.CucumberHooks      : tearDown completed...
]]></system-out>
  </testcase>
  <testcase name="Example #1.1" classname="Examples" time="10.173">
    <system-out><![CDATA[2024-05-29T12:28:46.542+03:00  INFO 27312 --- [           main] t.c.s.AnnotationConfigContextLoaderUtils : Could not detect default configuration classes for test class [org.sytoss.bdd.configuration.SpringIntegrationTest]: SpringIntegrationTest does not declare any static, non-private, non-final, nested classes annotated with @Configuration.
2024-05-29T12:28:46.543+03:00  INFO 27312 --- [           main] .b.t.c.SpringBootTestContextBootstrapper : Found @SpringBootConfiguration org.sytoss.LiftApplication for test class org.sytoss.bdd.configuration.SpringIntegrationTest

Scenario Outline: Passenger choose inner button and lift deliver it on the correspond floor &amp#27;[90m# feature/deliver-lift-by-inner-button.feature:20&amp#27;[0m
2024-05-29T12:28:46.555+03:00  INFO 27312 --- [           main] o.s.bdd.configuration.CucumberHooks      : Run CucumberHooks Before init
  &amp#27;[32mGiven &amp#27;[0m&amp#27;[32mbuildings exist&amp#27;[0m                                                                     &amp#27;[90m# org.sytoss.bdd.steps.given.BuildingGiven.buildingsExist(java.util.List<org.sytoss.bom.Building>)&amp#27;[0m
    | id | floorCount | city    | street   | buildingNumber |
    | *1 | 16         | Kharkov | Sumskaya | 67             |
2024-05-29T12:28:46.575+03:00  INFO 27312 --- [           main] org.sytoss.bdd.steps.given.LiftGiven     : Old id 0
2024-05-29T12:28:46.577+03:00  INFO 27312 --- [           main] org.sytoss.bdd.steps.given.LiftGiven     : New id 2
  &amp#27;[32mAnd &amp#27;[0m&amp#27;[32mthe building has lift with &amp#27;[0m&amp#27;[32m&amp#27;[1m"STOPPED"&amp#27;[0m&amp#27;[32m engine, cabin with &amp#27;[0m&amp#27;[32m&amp#27;[1m"OPEN"&amp#27;[0m&amp#27;[32m doors&amp#27;[0m                  &amp#27;[90m# org.sytoss.bdd.steps.given.LiftGiven.theBuildingHasLiftWithEngineCabinWithDoors(java.lang.String,java.lang.String)&amp#27;[0m
  &amp#27;[32mGiven &amp#27;[0m&amp#27;[32mCabin is on the &amp#27;[0m&amp#27;[32m&amp#27;[1m5&amp#27;[0m&amp#27;[32m floor&amp#27;[0m                                                             &amp#27;[90m# org.sytoss.bdd.steps.given.LiftGiven.cabinIsOnTheFloor(int)&amp#27;[0m
2024-05-29T12:28:46.609+03:00  INFO 27312 --- [o-auto-3-exec-7] org.sytoss.service.LiftService           : LiftService is busied
2024-05-29T12:28:46.616+03:00  INFO 27312 --- [o-auto-3-exec-7] org.sytoss.service.LiftService           : Lift is on: 5
2024-05-29T12:28:46.619+03:00  INFO 27312 --- [o-auto-3-exec-7] org.sytoss.service.LiftService           : Lift 2 will be moving to next floor 6 with status BUSY
2024-05-29T12:28:46.619+03:00  INFO 27312 --- [o-auto-3-exec-7] org.sytoss.service.LiftService           : Next floor: 6
2024-05-29T12:28:46.620+03:00  INFO 27312 --- [o-auto-3-exec-7] org.sytoss.service.LiftService           : Lift 2 Door closed
2024-05-29T12:28:46.620+03:00  INFO 27312 --- [o-auto-3-exec-7] org.sytoss.service.LiftService           : Lift 2 Start engine with status RUNNING_UP
2024-05-29T12:28:48.623+03:00  INFO 27312 --- [o-auto-3-exec-7] org.sytoss.service.LiftService           : Lift is on: 6
2024-05-29T12:28:48.628+03:00  INFO 27312 --- [o-auto-3-exec-7] org.sytoss.service.LiftService           : Lift 2 will be moving to next floor 7 with status BUSY
2024-05-29T12:28:48.628+03:00  INFO 27312 --- [o-auto-3-exec-7] org.sytoss.service.LiftService           : Next floor: 7
2024-05-29T12:28:50.641+03:00  INFO 27312 --- [o-auto-3-exec-7] org.sytoss.service.LiftService           : Lift is on: 7
2024-05-29T12:28:50.645+03:00  INFO 27312 --- [o-auto-3-exec-7] org.sytoss.service.LiftService           : Lift 2 will be moving to next floor 8 with status BUSY
2024-05-29T12:28:50.645+03:00  INFO 27312 --- [o-auto-3-exec-7] org.sytoss.service.LiftService           : Next floor: 8
2024-05-29T12:28:52.652+03:00  INFO 27312 --- [o-auto-3-exec-7] org.sytoss.service.LiftService           : Lift is on: 8
2024-05-29T12:28:52.657+03:00  INFO 27312 --- [o-auto-3-exec-7] org.sytoss.service.LiftService           : Lift 2 will be moving to next floor 9 with status BUSY
2024-05-29T12:28:52.657+03:00  INFO 27312 --- [o-auto-3-exec-7] org.sytoss.service.LiftService           : Next floor: 9
2024-05-29T12:28:54.670+03:00  INFO 27312 --- [o-auto-3-exec-7] org.sytoss.service.LiftService           : Lift is on: 9
2024-05-29T12:28:54.674+03:00  INFO 27312 --- [o-auto-3-exec-7] org.sytoss.service.LiftService           : Lift 2 will be moving to next floor 10 with status BUSY
2024-05-29T12:28:54.674+03:00  INFO 27312 --- [o-auto-3-exec-7] org.sytoss.service.LiftService           : Next floor: 10
2024-05-29T12:28:56.687+03:00  INFO 27312 --- [o-auto-3-exec-7] org.sytoss.service.LiftService           : Lift is on: 10
2024-05-29T12:28:56.690+03:00  INFO 27312 --- [o-auto-3-exec-7] org.sytoss.service.LiftService           : Stop is engine
2024-05-29T12:28:56.690+03:00  INFO 27312 --- [o-auto-3-exec-7] org.sytoss.service.LiftService           : Open door
  &amp#27;[32mWhen &amp#27;[0m&amp#27;[32mI click on the inner button on the &amp#27;[0m&amp#27;[32m&amp#27;[1m10&amp#27;[0m&amp#27;[32m floor&amp#27;[0m                                          &amp#27;[90m# org.sytoss.bdd.steps.when.LiftWhen.iClickOnTheInnerButtonOnTheDesirableFloorFloor(int)&amp#27;[0m
  &amp#27;[32mThen &amp#27;[0m&amp#27;[32moperation should be successful&amp#27;[0m                                                       &amp#27;[90m# org.sytoss.bdd.steps.then.BuildingThen.operationIsSuccessful()&amp#27;[0m
  &amp#27;[32mAnd &amp#27;[0m&amp#27;[32mthe engine of the free lift was &amp#27;[0m&amp#27;[32m&amp#27;[1m"RUNNING_UP"&amp#27;[0m                                          &amp#27;[90m# org.sytoss.bdd.steps.then.EngineThen.theEngineOfTheFreeLiftWas(java.lang.String)&amp#27;[0m
  &amp#27;[32mAnd &amp#27;[0m&amp#27;[32mthe cabin moved to &amp#27;[0m&amp#27;[32m&amp#27;[1m10&amp#27;[0m                                                                 &amp#27;[90m# org.sytoss.bdd.steps.then.LiftThen.theCabinMovedTo(int)&amp#27;[0m
  &amp#27;[32mAnd &amp#27;[0m&amp#27;[32mengine should be &amp#27;[0m&amp#27;[32m&amp#27;[1m"STOPPED"&amp#27;[0m                                                            &amp#27;[90m# org.sytoss.bdd.steps.then.EngineThen.engine(java.lang.String)&amp#27;[0m
  &amp#27;[32mAnd &amp#27;[0m&amp#27;[32mthe door should be &amp#27;[0m&amp#27;[32m&amp#27;[1m"OPEN"&amp#27;[0m                                                             &amp#27;[90m# org.sytoss.bdd.steps.then.DoorThen.theDoor(java.lang.String)&amp#27;[0m
2024-05-29T12:28:56.712+03:00  INFO 27312 --- [           main] o.s.bdd.configuration.CucumberHooks      : tearDown completed...
]]></system-out>
  </testcase>
  <testcase name="Example #1.1" classname="Examples" time="0.148">
    <system-out><![CDATA[2024-05-29T12:29:02.871+03:00  INFO 27312 --- [           main] t.c.s.AnnotationConfigContextLoaderUtils : Could not detect default configuration classes for test class [org.sytoss.bdd.configuration.SpringIntegrationTest]: SpringIntegrationTest does not declare any static, non-private, non-final, nested classes annotated with @Configuration.
2024-05-29T12:29:02.873+03:00  INFO 27312 --- [           main] .b.t.c.SpringBootTestContextBootstrapper : Found @SpringBootConfiguration org.sytoss.LiftApplication for test class org.sytoss.bdd.configuration.SpringIntegrationTest

Scenario Outline: Passenger selects an inner button that points to the current floor &amp#27;[90m# feature/deliver-lift-by-inner-button.feature:31&amp#27;[0m
2024-05-29T12:29:02.897+03:00  INFO 27312 --- [           main] o.s.bdd.configuration.CucumberHooks      : Run CucumberHooks Before init
  &amp#27;[32mGiven &amp#27;[0m&amp#27;[32mbuildings exist&amp#27;[0m                                                              &amp#27;[90m# org.sytoss.bdd.steps.given.BuildingGiven.buildingsExist(java.util.List<org.sytoss.bom.Building>)&amp#27;[0m
    | id | floorCount | city    | street   | buildingNumber |
    | *1 | 16         | Kharkov | Sumskaya | 67             |
  &amp#27;[32mAnd &amp#27;[0m&amp#27;[32mthe building has lift with &amp#27;[0m&amp#27;[32m&amp#27;[1m"STOPPED"&amp#27;[0m&amp#27;[32m engine, cabin with &amp#27;[0m&amp#27;[32m&amp#27;[1m"OPEN"&amp#27;[0m&amp#27;[32m doors&amp#27;[0m           &amp#27;[90m# org.sytoss.bdd.steps.given.LiftGiven.theBuildingHasLiftWithEngineCabinWithDoors(java.lang.String,java.lang.String)&amp#27;[0m
  &amp#27;[32mGiven &amp#27;[0m&amp#27;[32mCabin is on the &amp#27;[0m&amp#27;[32m&amp#27;[1m3&amp#27;[0m&amp#27;[32m floor&amp#27;[0m                                                      &amp#27;[90m# org.sytoss.bdd.steps.given.LiftGiven.cabinIsOnTheFloor(int)&amp#27;[0m
2024-05-29T12:29:02.973+03:00  INFO 27312 --- [o-auto-3-exec-6] org.sytoss.service.LiftService           : LiftService is busied
2024-05-29T12:29:02.980+03:00  INFO 27312 --- [o-auto-3-exec-6] org.sytoss.service.LiftService           : Lift is on: 3
2024-05-29T12:29:02.985+03:00  INFO 27312 --- [o-auto-3-exec-6] org.sytoss.service.LiftService           : Open door
  &amp#27;[32mWhen &amp#27;[0m&amp#27;[32mI click on the inner button on the &amp#27;[0m&amp#27;[32m&amp#27;[1m3&amp#27;[0m&amp#27;[32m floor&amp#27;[0m                                    &amp#27;[90m# org.sytoss.bdd.steps.when.LiftWhen.iClickOnTheInnerButtonOnTheDesirableFloorFloor(int)&amp#27;[0m
  &amp#27;[32mThen &amp#27;[0m&amp#27;[32moperation should be successful&amp#27;[0m                                                &amp#27;[90m# org.sytoss.bdd.steps.then.BuildingThen.operationIsSuccessful()&amp#27;[0m
  &amp#27;[32mAnd &amp#27;[0m&amp#27;[32mthe cabin stays at &amp#27;[0m&amp#27;[32m&amp#27;[1m3&amp#27;[0m&amp#27;[32m floor&amp#27;[0m                                                     &amp#27;[90m# org.sytoss.bdd.steps.then.LiftThen.theCabinStaysAtCabinPositionFloor(int)&amp#27;[0m
2024-05-29T12:29:03.012+03:00  INFO 27312 --- [           main] o.s.bdd.configuration.CucumberHooks      : tearDown completed...
]]></system-out>
  </testcase>
  <testcase name="Example #1.1" classname="Examples" time="2.193">
    <system-out><![CDATA[2024-05-29T12:29:03.623+03:00  INFO 27312 --- [           main] t.c.s.AnnotationConfigContextLoaderUtils : Could not detect default configuration classes for test class [org.sytoss.bdd.configuration.SpringIntegrationTest]: SpringIntegrationTest does not declare any static, non-private, non-final, nested classes annotated with @Configuration.
2024-05-29T12:29:03.627+03:00  INFO 27312 --- [           main] .b.t.c.SpringBootTestContextBootstrapper : Found @SpringBootConfiguration org.sytoss.LiftApplication for test class org.sytoss.bdd.configuration.SpringIntegrationTest

Scenario Outline: Passenger click on outer button and get nearest available lift &amp#27;[90m# feature/getNearestAvailableLift.feature:22&amp#27;[0m
2024-05-29T12:29:03.639+03:00  INFO 27312 --- [           main] o.s.bdd.configuration.CucumberHooks      : Run CucumberHooks Before init
  &amp#27;[32mGiven &amp#27;[0m&amp#27;[32mbuildings exist&amp#27;[0m                                                          &amp#27;[90m# org.sytoss.bdd.steps.given.BuildingGiven.buildingsExist(java.util.List<org.sytoss.bom.Building>)&amp#27;[0m
    | id | floorCount | city    | street   | buildingNumber |
    | *1 | 21         | Kharkov | Sumskaya | 26             |
  &amp#27;[32mGiven &amp#27;[0m&amp#27;[32mthe building has following lifts&amp#27;[0m                                         &amp#27;[90m# org.sytoss.bdd.steps.given.BuildingGiven.theBuildingHasFollowingLifts(java.util.List<org.sytoss.bom.Lift>)&amp#27;[0m
    | id | cabinPosition | button template | cabin serialNumber | doorStatus | cabin type | engine serialNumber | engine type | engineStatus | liftStatus |
    | *1 | 1             | UP_DOWN         | CA213B1            | CLOSED     | small      | BP125B1             | common      | STOPPED      | FREE       |
    | *2 | 4             | UP_DOWN         | BA123C1            | CLOSED     | small      | PH134B1             | common      | STOPPED      | FREE       |
    | *3 | 8             | UP_DOWN         | BA723B1            | CLOSED     | small      | PP134B1             | common      | STOPPED      | FREE       |
    | *4 | 12            | UP_DOWN         | B11451             | CLOSED     | small      | P7634B1             | common      | RUNNING_UP   | BUSY       |
2024-05-29T12:29:03.715+03:00  INFO 27312 --- [ool-21-thread-1] org.sytoss.service.LiftService           : LiftService is busied
2024-05-29T12:29:03.725+03:00  INFO 27312 --- [ool-21-thread-1] org.sytoss.service.LiftService           : Lift is on: 4
2024-05-29T12:29:03.736+03:00  INFO 27312 --- [ool-21-thread-1] org.sytoss.service.LiftService           : Lift 4 will be moving to next floor 5 with status BUSY
2024-05-29T12:29:03.737+03:00  INFO 27312 --- [ool-21-thread-1] org.sytoss.service.LiftService           : Next floor: 5
2024-05-29T12:29:03.737+03:00  INFO 27312 --- [ool-21-thread-1] org.sytoss.service.LiftService           : Lift 4 Start engine with status RUNNING_UP
2024-05-29T12:29:05.748+03:00  INFO 27312 --- [ool-21-thread-1] org.sytoss.service.LiftService           : Lift is on: 5
2024-05-29T12:29:05.760+03:00  INFO 27312 --- [ool-21-thread-1] org.sytoss.service.LiftService           : Stop is engine
2024-05-29T12:29:05.760+03:00  INFO 27312 --- [ool-21-thread-1] org.sytoss.service.LiftService           : Open door
  &amp#27;[32mWhen &amp#27;[0m&amp#27;[32mI click on the outer button on the &amp#27;[0m&amp#27;[32m&amp#27;[1m5&amp#27;[0m&amp#27;[32m floor&amp#27;[0m                                &amp#27;[90m# org.sytoss.bdd.steps.when.LiftWhen.iClickOnTheOuterButtonOnTheFloor(int)&amp#27;[0m
  &amp#27;[32mThen &amp#27;[0m&amp#27;[32moperation should be successful&amp#27;[0m                                            &amp#27;[90m# org.sytoss.bdd.steps.then.BuildingThen.operationIsSuccessful()&amp#27;[0m
  &amp#27;[32mAnd &amp#27;[0m&amp#27;[32mthe cabin with &amp#27;[0m&amp#27;[32m&amp#27;[1m2&amp#27;[0m&amp#27;[32m id should be moved to the &amp#27;[0m&amp#27;[32m&amp#27;[1m5&amp#27;[0m&amp#27;[32m floor&amp#27;[0m                         &amp#27;[90m# org.sytoss.bdd.steps.then.LiftThen.theCabinWithCabinIdIdShouldBeMovedToTheCurrentFloorFloor(int,int)&amp#27;[0m
  &amp#27;[32mAnd &amp#27;[0m&amp#27;[32mengine should be &amp#27;[0m&amp#27;[32m&amp#27;[1m"STOPPED"&amp#27;[0m                                                 &amp#27;[90m# org.sytoss.bdd.steps.then.EngineThen.engine(java.lang.String)&amp#27;[0m
  &amp#27;[32mAnd &amp#27;[0m&amp#27;[32mthe door should be &amp#27;[0m&amp#27;[32m&amp#27;[1m"OPEN"&amp#27;[0m                                                  &amp#27;[90m# org.sytoss.bdd.steps.then.DoorThen.theDoor(java.lang.String)&amp#27;[0m
2024-05-29T12:29:05.813+03:00  INFO 27312 --- [           main] o.s.bdd.configuration.CucumberHooks      : tearDown completed...
]]></system-out>
  </testcase>
  <testcase name="Example #1.1" classname="Examples" time="0.099">
    <system-out><![CDATA[2024-05-29T12:29:08.120+03:00  INFO 27312 --- [           main] t.c.s.AnnotationConfigContextLoaderUtils : Could not detect default configuration classes for test class [org.sytoss.bdd.configuration.SpringIntegrationTest]: SpringIntegrationTest does not declare any static, non-private, non-final, nested classes annotated with @Configuration.
2024-05-29T12:29:08.121+03:00  INFO 27312 --- [           main] .b.t.c.SpringBootTestContextBootstrapper : Found @SpringBootConfiguration org.sytoss.LiftApplication for test class org.sytoss.bdd.configuration.SpringIntegrationTest

Scenario Outline: Admin register a building with empty required field &amp#27;[90m# feature/register-building.feature:26&amp#27;[0m
2024-05-29T12:29:08.132+03:00  INFO 27312 --- [           main] o.s.bdd.configuration.CucumberHooks      : Run CucumberHooks Before init
  &amp#27;[32mGiven &amp#27;[0m&amp#27;[32mbuilding with address &amp#27;[0m&amp#27;[32m&amp#27;[1m"Kharkov, Sumskaya, 1"&amp#27;[0m&amp#27;[32m doesnt exist&amp#27;[0m     &amp#27;[90m# org.sytoss.bdd.steps.given.BuildingGiven.buildingWithAddressDoesntExist(java.lang.String)&amp#27;[0m
  &amp#27;[32mWhen &amp#27;[0m&amp#27;[32mregister building request coming&amp#27;[0m                               &amp#27;[90m# org.sytoss.bdd.steps.when.BuildingWhen.registerBuildingRequestComing(org.sytoss.bom.Building)&amp#27;[0m
    | field          | value    |
    | floorCount     | [empty]  |
    | city           | Kharkov  |
    | street         | Sumskaya |
    | buildingNumber | 1        |
  &amp#27;[32mThen &amp#27;[0m&amp#27;[32moperation should fail with &amp#27;[0m&amp#27;[32m&amp#27;[1m400&amp#27;[0m&amp#27;[32m error&amp#27;[0m                           &amp#27;[90m# org.sytoss.bdd.steps.then.BuildingThen.operationFailedWithError(int)&amp#27;[0m
2024-05-29T12:29:08.213+03:00  INFO 27312 --- [           main] o.s.bdd.configuration.CucumberHooks      : tearDown completed...
]]></system-out>
  </testcase>
  <testcase name="Example #1.1" classname="Examples" time="0.158">
    <system-out><![CDATA[2024-05-29T12:29:08.622+03:00  INFO 27312 --- [           main] t.c.s.AnnotationConfigContextLoaderUtils : Could not detect default configuration classes for test class [org.sytoss.bdd.configuration.SpringIntegrationTest]: SpringIntegrationTest does not declare any static, non-private, non-final, nested classes annotated with @Configuration.
2024-05-29T12:29:08.624+03:00  INFO 27312 --- [           main] .b.t.c.SpringBootTestContextBootstrapper : Found @SpringBootConfiguration org.sytoss.LiftApplication for test class org.sytoss.bdd.configuration.SpringIntegrationTest

Scenario Outline: Admin specify wrong amount of floors      &amp#27;[90m# feature/register-building.feature:46&amp#27;[0m
2024-05-29T12:29:08.638+03:00  INFO 27312 --- [           main] o.s.bdd.configuration.CucumberHooks      : Run CucumberHooks Before init
  &amp#27;[32mGiven &amp#27;[0m&amp#27;[32mbuilding with address &amp#27;[0m&amp#27;[32m&amp#27;[1m"Kharkov, Sumskaya, 1"&amp#27;[0m&amp#27;[32m exists&amp#27;[0m &amp#27;[90m# org.sytoss.bdd.steps.given.BuildingGiven.buildingWithAddressExists(java.lang.String)&amp#27;[0m
  &amp#27;[32mAnd &amp#27;[0m&amp#27;[32mthis building has lifts&amp#27;[0m                               &amp#27;[90m# org.sytoss.bdd.steps.given.BuildingGiven.thisBuildingHasLifts()&amp#27;[0m
  &amp#27;[32mWhen &amp#27;[0m&amp#27;[32mregister building request coming&amp#27;[0m                     &amp#27;[90m# org.sytoss.bdd.steps.when.BuildingWhen.registerBuildingRequestComing(org.sytoss.bom.Building)&amp#27;[0m
    | field          | value    |
    | floorCount     | -10      |
    | city           | Kharkov  |
    | street         | Sumskaya |
    | buildingNumber | 1        |
  &amp#27;[32mThen &amp#27;[0m&amp#27;[32moperation should fail with &amp#27;[0m&amp#27;[32m&amp#27;[1m406&amp#27;[0m&amp#27;[32m error&amp#27;[0m                 &amp#27;[90m# org.sytoss.bdd.steps.then.BuildingThen.operationFailedWithError(int)&amp#27;[0m
2024-05-29T12:29:08.776+03:00  INFO 27312 --- [           main] o.s.bdd.configuration.CucumberHooks      : tearDown completed...
]]></system-out>
  </testcase>
  <testcase name="Example #1.1" classname="Examples" time="0.055">
    <system-out><![CDATA[2024-05-29T12:29:08.995+03:00  INFO 27312 --- [           main] t.c.s.AnnotationConfigContextLoaderUtils : Could not detect default configuration classes for test class [org.sytoss.bdd.configuration.SpringIntegrationTest]: SpringIntegrationTest does not declare any static, non-private, non-final, nested classes annotated with @Configuration.
2024-05-29T12:29:08.996+03:00  INFO 27312 --- [           main] .b.t.c.SpringBootTestContextBootstrapper : Found @SpringBootConfiguration org.sytoss.LiftApplication for test class org.sytoss.bdd.configuration.SpringIntegrationTest

Scenario Outline: Admin register a lift with empty required field         &amp#27;[90m# feature/register-lift.feature:31&amp#27;[0m
2024-05-29T12:29:09.006+03:00  INFO 27312 --- [           main] o.s.bdd.configuration.CucumberHooks      : Run CucumberHooks Before init
  &amp#27;[32mGiven &amp#27;[0m&amp#27;[32mbuilding with address &amp#27;[0m&amp#27;[32m&amp#27;[1m"Kharkov, Sumskaya, 1"&amp#27;[0m&amp#27;[32m with &amp#27;[0m&amp#27;[32m&amp#27;[1m5&amp#27;[0m&amp#27;[32m floors exists&amp#27;[0m &amp#27;[90m# org.sytoss.bdd.steps.given.BuildingGiven.buildingWithAddressExistsInSystem(java.lang.String,int)&amp#27;[0m
  &amp#27;[32mGiven &amp#27;[0m&amp#27;[32mthis building has lifts&amp#27;[0m                                           &amp#27;[90m# org.sytoss.bdd.steps.given.BuildingGiven.thisBuildingHasLifts()&amp#27;[0m
  &amp#27;[32mWhen &amp#27;[0m&amp#27;[32mI try to register lift in this building&amp#27;[0m                            &amp#27;[90m# org.sytoss.bdd.steps.when.LiftWhen.shouldRegisterLift(org.sytoss.bom.Lift)&amp#27;[0m
    | field               | value      |
    | cabin serialNumber  | [empty]    |
    | cabin type          | my-cabin   |
    | engine serialNumber | engine-123 |
    | engine type         | my-engine  |
    | button template     | UP_DOWN    |
  &amp#27;[32mThen &amp#27;[0m&amp#27;[32moperation should fail with status code &amp#27;[0m&amp#27;[32m&amp#27;[1m400&amp#27;[0m                         &amp#27;[90m# org.sytoss.bdd.steps.then.LiftThen.operationFailedWithStatusCode(int)&amp#27;[0m
2024-05-29T12:29:09.046+03:00  INFO 27312 --- [           main] o.s.bdd.configuration.CucumberHooks      : tearDown completed...
]]></system-out>
  </testcase>
  <testcase name="Example #1.2" classname="Examples" time="25.355">
    <system-out><![CDATA[2024-05-29T12:28:10.745+03:00  INFO 27312 --- [           main] t.c.s.AnnotationConfigContextLoaderUtils : Could not detect default configuration classes for test class [org.sytoss.bdd.configuration.SpringIntegrationTest]: SpringIntegrationTest does not declare any static, non-private, non-final, nested classes annotated with @Configuration.
2024-05-29T12:28:10.746+03:00  INFO 27312 --- [           main] .b.t.c.SpringBootTestContextBootstrapper : Found @SpringBootConfiguration org.sytoss.LiftApplication for test class org.sytoss.bdd.configuration.SpringIntegrationTest

Scenario Outline:                                                        &amp#27;[90m# feature/cabinShouldStopOnEachFloorCalledByInnerButton.feature:25&amp#27;[0m
2024-05-29T12:28:10.762+03:00  INFO 27312 --- [           main] o.s.bdd.configuration.CucumberHooks      : Run CucumberHooks Before init
  &amp#27;[32mGiven &amp#27;[0m&amp#27;[32mbuildings exist&amp#27;[0m                                                  &amp#27;[90m# org.sytoss.bdd.steps.given.BuildingGiven.buildingsExist(java.util.List<org.sytoss.bom.Building>)&amp#27;[0m
    | id | floorCount | city    | street   | buildingNumber |
    | *1 | 10         | Kharkov | Sumskaya | 26             |
  &amp#27;[32mAnd &amp#27;[0m&amp#27;[32mthe building has following lift&amp#27;[0m                                    &amp#27;[90m# org.sytoss.bdd.steps.given.LiftGiven.theBuildingHasFollowingLift(org.sytoss.bom.Lift)&amp#27;[0m
    | id | cabinPosition | button template | cabin serialNumber | doorStatus | cabin type | engine serialNumber | engine type | engineStatus | buildingId |
    | *1 | 1             | UP_DOWN         | CA123B1            | CLOSED     | small      | BP125B1             | common      | STOPPED      | *1         |
  &amp#27;[32mGiven &amp#27;[0m&amp#27;[32mCabin is on the &amp#27;[0m&amp#27;[32m&amp#27;[1m7&amp#27;[0m&amp#27;[32m floor&amp#27;[0m                                          &amp#27;[90m# org.sytoss.bdd.steps.given.LiftGiven.cabinIsOnTheFloor(int)&amp#27;[0m
  &amp#27;[32mAnd &amp#27;[0m&amp#27;[32mDoor is &amp#27;[0m&amp#27;[32m&amp#27;[1m"CLOSED"&amp#27;[0m                                                   &amp#27;[90m# org.sytoss.bdd.steps.given.LiftGiven.doorIsClosed(java.lang.String)&amp#27;[0m
2024-05-29T12:28:10.801+03:00  INFO 27312 --- [           main] org.sytoss.bdd.steps.when.LiftWhen       : Sent floor was 1
2024-05-29T12:28:10.801+03:00  INFO 27312 --- [           main] org.sytoss.bdd.steps.when.LiftWhen       : Sent floor was 2
2024-05-29T12:28:10.801+03:00  INFO 27312 --- [           main] org.sytoss.bdd.steps.when.LiftWhen       : Sent floor was 5
2024-05-29T12:28:10.801+03:00  INFO 27312 --- [           main] org.sytoss.bdd.steps.when.LiftWhen       : Sent floor was 7
2024-05-29T12:28:11.812+03:00  INFO 27312 --- [ool-12-thread-1] org.sytoss.bdd.steps.when.LiftWhen       : Floor number is 1 and buildingID is 1
2024-05-29T12:28:11.827+03:00  INFO 27312 --- [ool-13-thread-1] org.sytoss.service.LiftService           : LiftService is busied
2024-05-29T12:28:11.836+03:00  INFO 27312 --- [ool-13-thread-1] org.sytoss.service.LiftService           : Lift is on: 7
2024-05-29T12:28:11.842+03:00  INFO 27312 --- [ool-13-thread-1] org.sytoss.service.LiftService           : Lift 1 will be moving to next floor 6 with status BUSY
2024-05-29T12:28:11.843+03:00  INFO 27312 --- [ool-13-thread-1] org.sytoss.service.LiftService           : Next floor: 6
2024-05-29T12:28:11.843+03:00  INFO 27312 --- [ool-13-thread-1] org.sytoss.service.LiftService           : Lift 1 Start engine with status RUNNING_DOWN
2024-05-29T12:28:12.825+03:00  INFO 27312 --- [ool-12-thread-2] org.sytoss.bdd.steps.when.LiftWhen       : Floor number is 2 and buildingID is 1
2024-05-29T12:28:13.834+03:00  INFO 27312 --- [ool-12-thread-3] org.sytoss.bdd.steps.when.LiftWhen       : Floor number is 5 and buildingID is 1
2024-05-29T12:28:13.847+03:00  INFO 27312 --- [ool-13-thread-1] org.sytoss.service.LiftService           : Lift is on: 6
2024-05-29T12:28:13.860+03:00  INFO 27312 --- [ool-13-thread-1] org.sytoss.service.LiftService           : Lift 1 will be moving to next floor 5 with status BUSY
2024-05-29T12:28:13.860+03:00  INFO 27312 --- [ool-13-thread-1] org.sytoss.service.LiftService           : Next floor: 5
2024-05-29T12:28:14.843+03:00  INFO 27312 --- [ool-12-thread-4] org.sytoss.bdd.steps.when.LiftWhen       : Floor number is 7 and buildingID is 1
2024-05-29T12:28:15.870+03:00  INFO 27312 --- [ool-13-thread-1] org.sytoss.service.LiftService           : Lift is on: 5
2024-05-29T12:28:15.878+03:00  INFO 27312 --- [ool-13-thread-1] org.sytoss.service.LiftService           : Stop is engine
2024-05-29T12:28:15.878+03:00  INFO 27312 --- [ool-13-thread-1] org.sytoss.service.LiftService           : Open door
2024-05-29T12:28:15.887+03:00  INFO 27312 --- [ool-13-thread-1] org.sytoss.service.LiftService           : Lift 1 will be moving to next floor 4 with status FREE
2024-05-29T12:28:15.887+03:00  INFO 27312 --- [ool-13-thread-1] org.sytoss.service.LiftService           : Next floor: 4
2024-05-29T12:28:15.887+03:00  INFO 27312 --- [ool-13-thread-1] org.sytoss.service.LiftService           : Lift 1 Door closed
2024-05-29T12:28:15.887+03:00  INFO 27312 --- [ool-13-thread-1] org.sytoss.service.LiftService           : Lift 1 Start engine with status RUNNING_DOWN
2024-05-29T12:28:17.889+03:00  INFO 27312 --- [ool-13-thread-1] org.sytoss.service.LiftService           : Lift is on: 4
2024-05-29T12:28:17.901+03:00  INFO 27312 --- [ool-13-thread-1] org.sytoss.service.LiftService           : Lift 1 will be moving to next floor 3 with status FREE
2024-05-29T12:28:17.901+03:00  INFO 27312 --- [ool-13-thread-1] org.sytoss.service.LiftService           : Next floor: 3
2024-05-29T12:28:19.916+03:00  INFO 27312 --- [ool-13-thread-1] org.sytoss.service.LiftService           : Lift is on: 3
2024-05-29T12:28:19.924+03:00  INFO 27312 --- [ool-13-thread-1] org.sytoss.service.LiftService           : Lift 1 will be moving to next floor 2 with status FREE
2024-05-29T12:28:19.925+03:00  INFO 27312 --- [ool-13-thread-1] org.sytoss.service.LiftService           : Next floor: 2
2024-05-29T12:28:21.939+03:00  INFO 27312 --- [ool-13-thread-1] org.sytoss.service.LiftService           : Lift is on: 2
2024-05-29T12:28:21.946+03:00  INFO 27312 --- [ool-13-thread-1] org.sytoss.service.LiftService           : Stop is engine
2024-05-29T12:28:21.946+03:00  INFO 27312 --- [ool-13-thread-1] org.sytoss.service.LiftService           : Open door
2024-05-29T12:28:21.957+03:00  INFO 27312 --- [ool-13-thread-1] org.sytoss.service.LiftService           : Lift 1 will be moving to next floor 1 with status FREE
2024-05-29T12:28:21.957+03:00  INFO 27312 --- [ool-13-thread-1] org.sytoss.service.LiftService           : Next floor: 1
2024-05-29T12:28:21.957+03:00  INFO 27312 --- [ool-13-thread-1] org.sytoss.service.LiftService           : Lift 1 Door closed
2024-05-29T12:28:21.957+03:00  INFO 27312 --- [ool-13-thread-1] org.sytoss.service.LiftService           : Lift 1 Start engine with status RUNNING_DOWN
2024-05-29T12:28:23.961+03:00  INFO 27312 --- [ool-13-thread-1] org.sytoss.service.LiftService           : Lift is on: 1
2024-05-29T12:28:23.974+03:00  INFO 27312 --- [ool-13-thread-1] org.sytoss.service.LiftService           : Stop is engine
2024-05-29T12:28:23.974+03:00  INFO 27312 --- [ool-13-thread-1] org.sytoss.service.LiftService           : Open door
2024-05-29T12:28:23.986+03:00  INFO 27312 --- [ool-13-thread-1] org.sytoss.service.LiftService           : Lift 1 will be moving to next floor 2 with status FREE
2024-05-29T12:28:23.986+03:00  INFO 27312 --- [ool-13-thread-1] org.sytoss.service.LiftService           : Next floor: 2
2024-05-29T12:28:23.987+03:00  INFO 27312 --- [ool-13-thread-1] org.sytoss.service.LiftService           : Lift 1 Door closed
2024-05-29T12:28:23.987+03:00  INFO 27312 --- [ool-13-thread-1] org.sytoss.service.LiftService           : Lift 1 Start engine with status RUNNING_UP
2024-05-29T12:28:25.991+03:00  INFO 27312 --- [ool-13-thread-1] org.sytoss.service.LiftService           : Lift is on: 2
2024-05-29T12:28:26.003+03:00  INFO 27312 --- [ool-13-thread-1] org.sytoss.service.LiftService           : Lift 1 will be moving to next floor 3 with status FREE
2024-05-29T12:28:26.003+03:00  INFO 27312 --- [ool-13-thread-1] org.sytoss.service.LiftService           : Next floor: 3
2024-05-29T12:28:28.006+03:00  INFO 27312 --- [ool-13-thread-1] org.sytoss.service.LiftService           : Lift is on: 3
2024-05-29T12:28:28.014+03:00  INFO 27312 --- [ool-13-thread-1] org.sytoss.service.LiftService           : Lift 1 will be moving to next floor 4 with status FREE
2024-05-29T12:28:28.014+03:00  INFO 27312 --- [ool-13-thread-1] org.sytoss.service.LiftService           : Next floor: 4
2024-05-29T12:28:30.017+03:00  INFO 27312 --- [ool-13-thread-1] org.sytoss.service.LiftService           : Lift is on: 4
2024-05-29T12:28:30.024+03:00  INFO 27312 --- [ool-13-thread-1] org.sytoss.service.LiftService           : Lift 1 will be moving to next floor 5 with status FREE
2024-05-29T12:28:30.024+03:00  INFO 27312 --- [ool-13-thread-1] org.sytoss.service.LiftService           : Next floor: 5
2024-05-29T12:28:32.027+03:00  INFO 27312 --- [ool-13-thread-1] org.sytoss.service.LiftService           : Lift is on: 5
2024-05-29T12:28:32.040+03:00  INFO 27312 --- [ool-13-thread-1] org.sytoss.service.LiftService           : Lift 1 will be moving to next floor 6 with status FREE
2024-05-29T12:28:32.040+03:00  INFO 27312 --- [ool-13-thread-1] org.sytoss.service.LiftService           : Next floor: 6
2024-05-29T12:28:34.048+03:00  INFO 27312 --- [ool-13-thread-1] org.sytoss.service.LiftService           : Lift is on: 6
2024-05-29T12:28:34.056+03:00  INFO 27312 --- [ool-13-thread-1] org.sytoss.service.LiftService           : Lift 1 will be moving to next floor 7 with status FREE
2024-05-29T12:28:34.056+03:00  INFO 27312 --- [ool-13-thread-1] org.sytoss.service.LiftService           : Next floor: 7
2024-05-29T12:28:36.058+03:00  INFO 27312 --- [ool-13-thread-1] org.sytoss.service.LiftService           : Lift is on: 7
2024-05-29T12:28:36.064+03:00  INFO 27312 --- [ool-13-thread-1] org.sytoss.service.LiftService           : Stop is engine
2024-05-29T12:28:36.065+03:00  INFO 27312 --- [ool-13-thread-1] org.sytoss.service.LiftService           : Open door
  &amp#27;[32mWhen &amp#27;[0m&amp#27;[32mI click on the inner button that points to the &amp#27;[0m&amp#27;[32m&amp#27;[1m[1, 2, 5, 7]&amp#27;[0m&amp#27;[32m floor&amp#27;[0m &amp#27;[90m# org.sytoss.bdd.steps.when.LiftWhen.iClickOnTheInnerButtonThatPointsToTheFloor(java.util.List<java.lang.Integer>)&amp#27;[0m
  &amp#27;[32mThen &amp#27;[0m&amp#27;[32moperations should be successful&amp#27;[0m                                   &amp#27;[90m# org.sytoss.bdd.steps.then.BuildingThen.operationsShouldBeSuccessful()&amp#27;[0m
  &amp#27;[32mAnd &amp#27;[0m&amp#27;[32mdoor was &amp#27;[0m&amp#27;[32m&amp#27;[1m"CLOSED"&amp#27;[0m&amp#27;[32m &amp#27;[0m&amp#27;[32m&amp#27;[1m3&amp#27;[0m&amp#27;[32m times&amp#27;[0m                                          &amp#27;[90m# org.sytoss.bdd.steps.then.DoorThen.doorWas(java.lang.String,int)&amp#27;[0m
  &amp#27;[32mAnd &amp#27;[0m&amp#27;[32mengine was &amp#27;[0m&amp#27;[32m&amp#27;[1m"RUNNING_UP"&amp#27;[0m&amp#27;[32m or &amp#27;[0m&amp#27;[32m&amp#27;[1m"RUNNING_DOWN"&amp#27;[0m&amp#27;[32m &amp#27;[0m&amp#27;[32m&amp#27;[1m4&amp#27;[0m&amp#27;[32m times&amp#27;[0m                  &amp#27;[90m# org.sytoss.bdd.steps.then.EngineThen.engineWasOr(java.lang.String,java.lang.String,int)&amp#27;[0m
  &amp#27;[32mAnd &amp#27;[0m&amp#27;[32mcabin should be moved to the &amp#27;[0m&amp#27;[32m&amp#27;[1m[1, 2, 5, 7]&amp#27;[0m&amp#27;[32m floor&amp#27;[0m                    &amp#27;[90m# org.sytoss.bdd.steps.then.LiftThen.cabinShouldBeMovedToTheFloor(java.util.List<java.lang.Integer>)&amp#27;[0m
  &amp#27;[32mAnd &amp#27;[0m&amp#27;[32mengine should be &amp#27;[0m&amp#27;[32m&amp#27;[1m"STOPPED"&amp#27;[0m&amp#27;[32m &amp#27;[0m&amp#27;[32m&amp#27;[1m4&amp#27;[0m&amp#27;[32m times&amp#27;[0m                                 &amp#27;[90m# org.sytoss.bdd.steps.then.EngineThen.engine(java.lang.String,int)&amp#27;[0m
  &amp#27;[32mAnd &amp#27;[0m&amp#27;[32mthe door should be &amp#27;[0m&amp#27;[32m&amp#27;[1m"OPEN"&amp#27;[0m&amp#27;[32m &amp#27;[0m&amp#27;[32m&amp#27;[1m4&amp#27;[0m&amp#27;[32m times&amp#27;[0m                                  &amp#27;[90m# org.sytoss.bdd.steps.then.DoorThen.theDoor(java.lang.String,int)&amp#27;[0m
2024-05-29T12:28:36.096+03:00  INFO 27312 --- [           main] o.s.bdd.configuration.CucumberHooks      : tearDown completed...
]]></system-out>
  </testcase>
  <testcase name="Example #1.2" classname="Examples" time="2.122">
    <system-out><![CDATA[2024-05-29T12:28:44.282+03:00  INFO 27312 --- [           main] t.c.s.AnnotationConfigContextLoaderUtils : Could not detect default configuration classes for test class [org.sytoss.bdd.configuration.SpringIntegrationTest]: SpringIntegrationTest does not declare any static, non-private, non-final, nested classes annotated with @Configuration.
2024-05-29T12:28:44.283+03:00  INFO 27312 --- [           main] .b.t.c.SpringBootTestContextBootstrapper : Found @SpringBootConfiguration org.sytoss.LiftApplication for test class org.sytoss.bdd.configuration.SpringIntegrationTest

Scenario Outline: Passenger clicks on outer button and lift delivers a cabin on the correspond floor &amp#27;[90m# feature/call-cabin-by-outer-button.feature:22&amp#27;[0m
2024-05-29T12:28:44.291+03:00  INFO 27312 --- [           main] o.s.bdd.configuration.CucumberHooks      : Run CucumberHooks Before init
  &amp#27;[32mGiven &amp#27;[0m&amp#27;[32mbuildings exist&amp#27;[0m                                                                              &amp#27;[90m# org.sytoss.bdd.steps.given.BuildingGiven.buildingsExist(java.util.List<org.sytoss.bom.Building>)&amp#27;[0m
    | id | floorCount | city    | street   | buildingNumber |
    | *1 | 10         | Kharkov | Sumskaya | 26             |
  &amp#27;[32mAnd &amp#27;[0m&amp#27;[32mthe building has lift with &amp#27;[0m&amp#27;[32m&amp#27;[1m"STOPPED"&amp#27;[0m&amp#27;[32m engine, cabin with &amp#27;[0m&amp#27;[32m&amp#27;[1m"CLOSED"&amp#27;[0m&amp#27;[32m doors&amp#27;[0m                         &amp#27;[90m# org.sytoss.bdd.steps.given.LiftGiven.theBuildingHasLiftWithEngineCabinWithDoors(java.lang.String,java.lang.String)&amp#27;[0m
  &amp#27;[32mGiven &amp#27;[0m&amp#27;[32mCabin is on the &amp#27;[0m&amp#27;[32m&amp#27;[1m4&amp#27;[0m&amp#27;[32m floor&amp#27;[0m                                                                      &amp#27;[90m# org.sytoss.bdd.steps.given.LiftGiven.cabinIsOnTheFloor(int)&amp#27;[0m
2024-05-29T12:28:44.342+03:00  INFO 27312 --- [ool-18-thread-1] org.sytoss.service.LiftService           : LiftService is busied
2024-05-29T12:28:44.348+03:00  INFO 27312 --- [ool-18-thread-1] org.sytoss.service.LiftService           : Lift is on: 4
2024-05-29T12:28:44.353+03:00  INFO 27312 --- [ool-18-thread-1] org.sytoss.service.LiftService           : Lift 1 will be moving to next floor 3 with status BUSY
2024-05-29T12:28:44.353+03:00  INFO 27312 --- [ool-18-thread-1] org.sytoss.service.LiftService           : Next floor: 3
2024-05-29T12:28:44.354+03:00  INFO 27312 --- [ool-18-thread-1] org.sytoss.service.LiftService           : Lift 1 Door closed
2024-05-29T12:28:44.355+03:00  INFO 27312 --- [ool-18-thread-1] org.sytoss.service.LiftService           : Lift 1 Start engine with status RUNNING_DOWN
2024-05-29T12:28:46.362+03:00  INFO 27312 --- [ool-18-thread-1] org.sytoss.service.LiftService           : Lift is on: 3
2024-05-29T12:28:46.371+03:00  INFO 27312 --- [ool-18-thread-1] org.sytoss.service.LiftService           : Stop is engine
2024-05-29T12:28:46.371+03:00  INFO 27312 --- [ool-18-thread-1] org.sytoss.service.LiftService           : Open door
  &amp#27;[32mWhen &amp#27;[0m&amp#27;[32mI click on the outer button on the &amp#27;[0m&amp#27;[32m&amp#27;[1m3&amp#27;[0m&amp#27;[32m floor&amp#27;[0m                                                    &amp#27;[90m# org.sytoss.bdd.steps.when.LiftWhen.iClickOnTheOuterButtonOnTheFloor(int)&amp#27;[0m
  &amp#27;[32mThen &amp#27;[0m&amp#27;[32moperation should be successful&amp#27;[0m                                                                &amp#27;[90m# org.sytoss.bdd.steps.then.BuildingThen.operationIsSuccessful()&amp#27;[0m
  &amp#27;[32mAnd &amp#27;[0m&amp#27;[32mthe engine of the free lift was &amp#27;[0m&amp#27;[32m&amp#27;[1m"RUNNING_DOWN"&amp#27;[0m                                                 &amp#27;[90m# org.sytoss.bdd.steps.then.EngineThen.theEngineOfTheFreeLiftWas(java.lang.String)&amp#27;[0m
  &amp#27;[32mAnd &amp#27;[0m&amp#27;[32mthe cabin moved to &amp#27;[0m&amp#27;[32m&amp#27;[1m3&amp#27;[0m                                                                           &amp#27;[90m# org.sytoss.bdd.steps.then.LiftThen.theCabinMovedTo(int)&amp#27;[0m
  &amp#27;[32mAnd &amp#27;[0m&amp#27;[32mlift was &amp#27;[0m&amp#27;[32m&amp#27;[1m"BUSY"&amp#27;[0m                                                                                &amp#27;[90m# org.sytoss.bdd.steps.then.LiftThen.lift(java.lang.String)&amp#27;[0m
  &amp#27;[32mAnd &amp#27;[0m&amp#27;[32mengine should be &amp#27;[0m&amp#27;[32m&amp#27;[1m"STOPPED"&amp#27;[0m&amp#27;[32m &amp#27;[0m&amp#27;[32m&amp#27;[1m1&amp#27;[0m&amp#27;[32m times&amp#27;[0m                                                             &amp#27;[90m# org.sytoss.bdd.steps.then.EngineThen.engine(java.lang.String,int)&amp#27;[0m
  &amp#27;[32mAnd &amp#27;[0m&amp#27;[32mthe door should be &amp#27;[0m&amp#27;[32m&amp#27;[1m"OPEN"&amp#27;[0m&amp#27;[32m &amp#27;[0m&amp#27;[32m&amp#27;[1m1&amp#27;[0m&amp#27;[32m times&amp#27;[0m                                                              &amp#27;[90m# org.sytoss.bdd.steps.then.DoorThen.theDoor(java.lang.String,int)&amp#27;[0m
2024-05-29T12:28:46.403+03:00  INFO 27312 --- [           main] o.s.bdd.configuration.CucumberHooks      : tearDown completed...
]]></system-out>
  </testcase>
  <testcase name="Example #1.2" classname="Examples" time="0.076">
    <system-out><![CDATA[2024-05-29T12:28:46.466+03:00  INFO 27312 --- [           main] t.c.s.AnnotationConfigContextLoaderUtils : Could not detect default configuration classes for test class [org.sytoss.bdd.configuration.SpringIntegrationTest]: SpringIntegrationTest does not declare any static, non-private, non-final, nested classes annotated with @Configuration.
2024-05-29T12:28:46.469+03:00  INFO 27312 --- [           main] .b.t.c.SpringBootTestContextBootstrapper : Found @SpringBootConfiguration org.sytoss.LiftApplication for test class org.sytoss.bdd.configuration.SpringIntegrationTest

Scenario Outline: Passenger clicks on outer button with invalid params       &amp#27;[90m# feature/call-cabin-by-outer-button.feature:32&amp#27;[0m
2024-05-29T12:28:46.482+03:00  INFO 27312 --- [           main] o.s.bdd.configuration.CucumberHooks      : Run CucumberHooks Before init
  &amp#27;[32mGiven &amp#27;[0m&amp#27;[32mbuildings exist&amp#27;[0m                                                      &amp#27;[90m# org.sytoss.bdd.steps.given.BuildingGiven.buildingsExist(java.util.List<org.sytoss.bom.Building>)&amp#27;[0m
    | id | floorCount | city    | street   | buildingNumber |
    | *1 | 10         | Kharkov | Sumskaya | 26             |
  &amp#27;[32mAnd &amp#27;[0m&amp#27;[32mthe building has lift with &amp#27;[0m&amp#27;[32m&amp#27;[1m"STOPPED"&amp#27;[0m&amp#27;[32m engine, cabin with &amp#27;[0m&amp#27;[32m&amp#27;[1m"CLOSED"&amp#27;[0m&amp#27;[32m doors&amp#27;[0m &amp#27;[90m# org.sytoss.bdd.steps.given.LiftGiven.theBuildingHasLiftWithEngineCabinWithDoors(java.lang.String,java.lang.String)&amp#27;[0m
  &amp#27;[32mGiven &amp#27;[0m&amp#27;[32mCabin is on the &amp#27;[0m&amp#27;[32m&amp#27;[1m2&amp#27;[0m&amp#27;[32m floor&amp#27;[0m                                              &amp#27;[90m# org.sytoss.bdd.steps.given.LiftGiven.cabinIsOnTheFloor(int)&amp#27;[0m
  &amp#27;[32mWhen &amp#27;[0m&amp#27;[32mI click on the outer button on the &amp#27;[0m&amp#27;[32m&amp#27;[1m30&amp#27;[0m&amp#27;[32m floor&amp#27;[0m                           &amp#27;[90m# org.sytoss.bdd.steps.when.LiftWhen.iClickOnTheOuterButtonOnTheFloor(int)&amp#27;[0m
  &amp#27;[32mThen &amp#27;[0m&amp#27;[32moperation should fail with &amp#27;[0m&amp#27;[32m&amp#27;[1m400&amp#27;[0m&amp#27;[32m error&amp#27;[0m                                  &amp#27;[90m# org.sytoss.bdd.steps.then.BuildingThen.operationFailedWithError(int)&amp#27;[0m
2024-05-29T12:28:46.538+03:00  INFO 27312 --- [           main] o.s.bdd.configuration.CucumberHooks      : tearDown completed...
]]></system-out>
  </testcase>
  <testcase name="Example #1.2" classname="Examples" time="6.151">
    <system-out><![CDATA[2024-05-29T12:28:56.715+03:00  INFO 27312 --- [           main] t.c.s.AnnotationConfigContextLoaderUtils : Could not detect default configuration classes for test class [org.sytoss.bdd.configuration.SpringIntegrationTest]: SpringIntegrationTest does not declare any static, non-private, non-final, nested classes annotated with @Configuration.
2024-05-29T12:28:56.716+03:00  INFO 27312 --- [           main] .b.t.c.SpringBootTestContextBootstrapper : Found @SpringBootConfiguration org.sytoss.LiftApplication for test class org.sytoss.bdd.configuration.SpringIntegrationTest

Scenario Outline: Passenger choose inner button and lift deliver it on the correspond floor &amp#27;[90m# feature/deliver-lift-by-inner-button.feature:21&amp#27;[0m
2024-05-29T12:28:56.728+03:00  INFO 27312 --- [           main] o.s.bdd.configuration.CucumberHooks      : Run CucumberHooks Before init
  &amp#27;[32mGiven &amp#27;[0m&amp#27;[32mbuildings exist&amp#27;[0m                                                                     &amp#27;[90m# org.sytoss.bdd.steps.given.BuildingGiven.buildingsExist(java.util.List<org.sytoss.bom.Building>)&amp#27;[0m
    | id | floorCount | city    | street   | buildingNumber |
    | *1 | 16         | Kharkov | Sumskaya | 67             |
  &amp#27;[32mAnd &amp#27;[0m&amp#27;[32mthe building has lift with &amp#27;[0m&amp#27;[32m&amp#27;[1m"STOPPED"&amp#27;[0m&amp#27;[32m engine, cabin with &amp#27;[0m&amp#27;[32m&amp#27;[1m"OPEN"&amp#27;[0m&amp#27;[32m doors&amp#27;[0m                  &amp#27;[90m# org.sytoss.bdd.steps.given.LiftGiven.theBuildingHasLiftWithEngineCabinWithDoors(java.lang.String,java.lang.String)&amp#27;[0m
  &amp#27;[32mGiven &amp#27;[0m&amp#27;[32mCabin is on the &amp#27;[0m&amp#27;[32m&amp#27;[1m6&amp#27;[0m&amp#27;[32m floor&amp#27;[0m                                                             &amp#27;[90m# org.sytoss.bdd.steps.given.LiftGiven.cabinIsOnTheFloor(int)&amp#27;[0m
2024-05-29T12:28:56.776+03:00  INFO 27312 --- [o-auto-3-exec-9] org.sytoss.service.LiftService           : LiftService is busied
2024-05-29T12:28:56.780+03:00  INFO 27312 --- [o-auto-3-exec-9] org.sytoss.service.LiftService           : Lift is on: 6
2024-05-29T12:28:56.784+03:00  INFO 27312 --- [o-auto-3-exec-9] org.sytoss.service.LiftService           : Lift 2 will be moving to next floor 5 with status BUSY
2024-05-29T12:28:56.784+03:00  INFO 27312 --- [o-auto-3-exec-9] org.sytoss.service.LiftService           : Next floor: 5
2024-05-29T12:28:56.784+03:00  INFO 27312 --- [o-auto-3-exec-9] org.sytoss.service.LiftService           : Lift 2 Door closed
2024-05-29T12:28:56.784+03:00  INFO 27312 --- [o-auto-3-exec-9] org.sytoss.service.LiftService           : Lift 2 Start engine with status RUNNING_DOWN
2024-05-29T12:28:58.796+03:00  INFO 27312 --- [o-auto-3-exec-9] org.sytoss.service.LiftService           : Lift is on: 5
2024-05-29T12:28:58.803+03:00  INFO 27312 --- [o-auto-3-exec-9] org.sytoss.service.LiftService           : Lift 2 will be moving to next floor 4 with status BUSY
2024-05-29T12:28:58.803+03:00  INFO 27312 --- [o-auto-3-exec-9] org.sytoss.service.LiftService           : Next floor: 4
2024-05-29T12:29:00.806+03:00  INFO 27312 --- [o-auto-3-exec-9] org.sytoss.service.LiftService           : Lift is on: 4
2024-05-29T12:29:00.812+03:00  INFO 27312 --- [o-auto-3-exec-9] org.sytoss.service.LiftService           : Lift 2 will be moving to next floor 3 with status BUSY
2024-05-29T12:29:00.812+03:00  INFO 27312 --- [o-auto-3-exec-9] org.sytoss.service.LiftService           : Next floor: 3
2024-05-29T12:29:02.815+03:00  INFO 27312 --- [o-auto-3-exec-9] org.sytoss.service.LiftService           : Lift is on: 3
2024-05-29T12:29:02.818+03:00  INFO 27312 --- [o-auto-3-exec-9] org.sytoss.service.LiftService           : Stop is engine
2024-05-29T12:29:02.818+03:00  INFO 27312 --- [o-auto-3-exec-9] org.sytoss.service.LiftService           : Open door
  &amp#27;[32mWhen &amp#27;[0m&amp#27;[32mI click on the inner button on the &amp#27;[0m&amp#27;[32m&amp#27;[1m3&amp#27;[0m&amp#27;[32m floor&amp#27;[0m                                           &amp#27;[90m# org.sytoss.bdd.steps.when.LiftWhen.iClickOnTheInnerButtonOnTheDesirableFloorFloor(int)&amp#27;[0m
  &amp#27;[32mThen &amp#27;[0m&amp#27;[32moperation should be successful&amp#27;[0m                                                       &amp#27;[90m# org.sytoss.bdd.steps.then.BuildingThen.operationIsSuccessful()&amp#27;[0m
  &amp#27;[32mAnd &amp#27;[0m&amp#27;[32mthe engine of the free lift was &amp#27;[0m&amp#27;[32m&amp#27;[1m"RUNNING_DOWN"&amp#27;[0m                                        &amp#27;[90m# org.sytoss.bdd.steps.then.EngineThen.theEngineOfTheFreeLiftWas(java.lang.String)&amp#27;[0m
  &amp#27;[32mAnd &amp#27;[0m&amp#27;[32mthe cabin moved to &amp#27;[0m&amp#27;[32m&amp#27;[1m3&amp#27;[0m                                                                  &amp#27;[90m# org.sytoss.bdd.steps.then.LiftThen.theCabinMovedTo(int)&amp#27;[0m
  &amp#27;[32mAnd &amp#27;[0m&amp#27;[32mengine should be &amp#27;[0m&amp#27;[32m&amp#27;[1m"STOPPED"&amp#27;[0m                                                            &amp#27;[90m# org.sytoss.bdd.steps.then.EngineThen.engine(java.lang.String)&amp#27;[0m
  &amp#27;[32mAnd &amp#27;[0m&amp#27;[32mthe door should be &amp#27;[0m&amp#27;[32m&amp#27;[1m"OPEN"&amp#27;[0m                                                             &amp#27;[90m# org.sytoss.bdd.steps.then.DoorThen.theDoor(java.lang.String)&amp#27;[0m
2024-05-29T12:29:02.861+03:00  INFO 27312 --- [           main] o.s.bdd.configuration.CucumberHooks      : tearDown completed...
]]></system-out>
  </testcase>
  <testcase name="Example #1.2" classname="Examples" time="0.124">
    <system-out><![CDATA[2024-05-29T12:29:03.017+03:00  INFO 27312 --- [           main] t.c.s.AnnotationConfigContextLoaderUtils : Could not detect default configuration classes for test class [org.sytoss.bdd.configuration.SpringIntegrationTest]: SpringIntegrationTest does not declare any static, non-private, non-final, nested classes annotated with @Configuration.
2024-05-29T12:29:03.020+03:00  INFO 27312 --- [           main] .b.t.c.SpringBootTestContextBootstrapper : Found @SpringBootConfiguration org.sytoss.LiftApplication for test class org.sytoss.bdd.configuration.SpringIntegrationTest

Scenario Outline: Passenger selects an inner button that points to the current floor &amp#27;[90m# feature/deliver-lift-by-inner-button.feature:32&amp#27;[0m
2024-05-29T12:29:03.040+03:00  INFO 27312 --- [           main] o.s.bdd.configuration.CucumberHooks      : Run CucumberHooks Before init
  &amp#27;[32mGiven &amp#27;[0m&amp#27;[32mbuildings exist&amp#27;[0m                                                              &amp#27;[90m# org.sytoss.bdd.steps.given.BuildingGiven.buildingsExist(java.util.List<org.sytoss.bom.Building>)&amp#27;[0m
    | id | floorCount | city    | street   | buildingNumber |
    | *1 | 16         | Kharkov | Sumskaya | 67             |
  &amp#27;[32mAnd &amp#27;[0m&amp#27;[32mthe building has lift with &amp#27;[0m&amp#27;[32m&amp#27;[1m"STOPPED"&amp#27;[0m&amp#27;[32m engine, cabin with &amp#27;[0m&amp#27;[32m&amp#27;[1m"OPEN"&amp#27;[0m&amp#27;[32m doors&amp#27;[0m           &amp#27;[90m# org.sytoss.bdd.steps.given.LiftGiven.theBuildingHasLiftWithEngineCabinWithDoors(java.lang.String,java.lang.String)&amp#27;[0m
  &amp#27;[32mGiven &amp#27;[0m&amp#27;[32mCabin is on the &amp#27;[0m&amp#27;[32m&amp#27;[1m4&amp#27;[0m&amp#27;[32m floor&amp#27;[0m                                                      &amp#27;[90m# org.sytoss.bdd.steps.given.LiftGiven.cabinIsOnTheFloor(int)&amp#27;[0m
2024-05-29T12:29:03.102+03:00  INFO 27312 --- [o-auto-3-exec-8] org.sytoss.service.LiftService           : LiftService is busied
2024-05-29T12:29:03.109+03:00  INFO 27312 --- [o-auto-3-exec-8] org.sytoss.service.LiftService           : Lift is on: 4
2024-05-29T12:29:03.114+03:00  INFO 27312 --- [o-auto-3-exec-8] org.sytoss.service.LiftService           : Open door
  &amp#27;[32mWhen &amp#27;[0m&amp#27;[32mI click on the inner button on the &amp#27;[0m&amp#27;[32m&amp#27;[1m4&amp#27;[0m&amp#27;[32m floor&amp#27;[0m                                    &amp#27;[90m# org.sytoss.bdd.steps.when.LiftWhen.iClickOnTheInnerButtonOnTheDesirableFloorFloor(int)&amp#27;[0m
  &amp#27;[32mThen &amp#27;[0m&amp#27;[32moperation should be successful&amp#27;[0m                                                &amp#27;[90m# org.sytoss.bdd.steps.then.BuildingThen.operationIsSuccessful()&amp#27;[0m
  &amp#27;[32mAnd &amp#27;[0m&amp#27;[32mthe cabin stays at &amp#27;[0m&amp#27;[32m&amp#27;[1m4&amp#27;[0m&amp#27;[32m floor&amp#27;[0m                                                     &amp#27;[90m# org.sytoss.bdd.steps.then.LiftThen.theCabinStaysAtCabinPositionFloor(int)&amp#27;[0m
2024-05-29T12:29:03.134+03:00  INFO 27312 --- [           main] o.s.bdd.configuration.CucumberHooks      : tearDown completed...
]]></system-out>
  </testcase>
  <testcase name="Example #1.2" classname="Examples" time="2.219">
    <system-out><![CDATA[2024-05-29T12:29:05.818+03:00  INFO 27312 --- [           main] t.c.s.AnnotationConfigContextLoaderUtils : Could not detect default configuration classes for test class [org.sytoss.bdd.configuration.SpringIntegrationTest]: SpringIntegrationTest does not declare any static, non-private, non-final, nested classes annotated with @Configuration.
2024-05-29T12:29:05.819+03:00  INFO 27312 --- [           main] .b.t.c.SpringBootTestContextBootstrapper : Found @SpringBootConfiguration org.sytoss.LiftApplication for test class org.sytoss.bdd.configuration.SpringIntegrationTest

Scenario Outline: Passenger click on outer button and get nearest available lift &amp#27;[90m# feature/getNearestAvailableLift.feature:23&amp#27;[0m
2024-05-29T12:29:05.836+03:00  INFO 27312 --- [           main] o.s.bdd.configuration.CucumberHooks      : Run CucumberHooks Before init
  &amp#27;[32mGiven &amp#27;[0m&amp#27;[32mbuildings exist&amp#27;[0m                                                          &amp#27;[90m# org.sytoss.bdd.steps.given.BuildingGiven.buildingsExist(java.util.List<org.sytoss.bom.Building>)&amp#27;[0m
    | id | floorCount | city    | street   | buildingNumber |
    | *1 | 21         | Kharkov | Sumskaya | 26             |
  &amp#27;[32mGiven &amp#27;[0m&amp#27;[32mthe building has following lifts&amp#27;[0m                                         &amp#27;[90m# org.sytoss.bdd.steps.given.BuildingGiven.theBuildingHasFollowingLifts(java.util.List<org.sytoss.bom.Lift>)&amp#27;[0m
    | id | cabinPosition | button template | cabin serialNumber | doorStatus | cabin type | engine serialNumber | engine type | engineStatus | liftStatus |
    | *1 | 1             | UP_DOWN         | CA213B1            | CLOSED     | small      | BP125B1             | common      | STOPPED      | FREE       |
    | *2 | 4             | UP_DOWN         | BA123C1            | CLOSED     | small      | PH134B1             | common      | STOPPED      | FREE       |
    | *3 | 8             | UP_DOWN         | BA723B1            | CLOSED     | small      | PP134B1             | common      | STOPPED      | FREE       |
    | *4 | 12            | UP_DOWN         | B11451             | CLOSED     | small      | P7634B1             | common      | RUNNING_UP   | BUSY       |
2024-05-29T12:29:05.912+03:00  INFO 27312 --- [ool-22-thread-1] org.sytoss.service.LiftService           : LiftService is busied
2024-05-29T12:29:05.923+03:00  INFO 27312 --- [ool-22-thread-1] org.sytoss.service.LiftService           : Lift is on: 8
2024-05-29T12:29:05.932+03:00  INFO 27312 --- [ool-22-thread-1] org.sytoss.service.LiftService           : Lift 5 will be moving to next floor 7 with status BUSY
2024-05-29T12:29:05.932+03:00  INFO 27312 --- [ool-22-thread-1] org.sytoss.service.LiftService           : Next floor: 7
2024-05-29T12:29:05.932+03:00  INFO 27312 --- [ool-22-thread-1] org.sytoss.service.LiftService           : Lift 5 Start engine with status RUNNING_DOWN
2024-05-29T12:29:07.934+03:00  INFO 27312 --- [ool-22-thread-1] org.sytoss.service.LiftService           : Lift is on: 7
2024-05-29T12:29:07.946+03:00  INFO 27312 --- [ool-22-thread-1] org.sytoss.service.LiftService           : Stop is engine
2024-05-29T12:29:07.947+03:00  INFO 27312 --- [ool-22-thread-1] org.sytoss.service.LiftService           : Open door
  &amp#27;[32mWhen &amp#27;[0m&amp#27;[32mI click on the outer button on the &amp#27;[0m&amp#27;[32m&amp#27;[1m7&amp#27;[0m&amp#27;[32m floor&amp#27;[0m                                &amp#27;[90m# org.sytoss.bdd.steps.when.LiftWhen.iClickOnTheOuterButtonOnTheFloor(int)&amp#27;[0m
  &amp#27;[32mThen &amp#27;[0m&amp#27;[32moperation should be successful&amp#27;[0m                                            &amp#27;[90m# org.sytoss.bdd.steps.then.BuildingThen.operationIsSuccessful()&amp#27;[0m
  &amp#27;[32mAnd &amp#27;[0m&amp#27;[32mthe cabin with &amp#27;[0m&amp#27;[32m&amp#27;[1m3&amp#27;[0m&amp#27;[32m id should be moved to the &amp#27;[0m&amp#27;[32m&amp#27;[1m7&amp#27;[0m&amp#27;[32m floor&amp#27;[0m                         &amp#27;[90m# org.sytoss.bdd.steps.then.LiftThen.theCabinWithCabinIdIdShouldBeMovedToTheCurrentFloorFloor(int,int)&amp#27;[0m
  &amp#27;[32mAnd &amp#27;[0m&amp#27;[32mengine should be &amp#27;[0m&amp#27;[32m&amp#27;[1m"STOPPED"&amp#27;[0m                                                 &amp#27;[90m# org.sytoss.bdd.steps.then.EngineThen.engine(java.lang.String)&amp#27;[0m
  &amp#27;[32mAnd &amp#27;[0m&amp#27;[32mthe door should be &amp#27;[0m&amp#27;[32m&amp#27;[1m"OPEN"&amp#27;[0m                                                  &amp#27;[90m# org.sytoss.bdd.steps.then.DoorThen.theDoor(java.lang.String)&amp#27;[0m
2024-05-29T12:29:08.031+03:00  INFO 27312 --- [           main] o.s.bdd.configuration.CucumberHooks      : tearDown completed...
]]></system-out>
  </testcase>
  <testcase name="Example #1.2" classname="Examples" time="0.058">
    <system-out><![CDATA[2024-05-29T12:29:08.218+03:00  INFO 27312 --- [           main] t.c.s.AnnotationConfigContextLoaderUtils : Could not detect default configuration classes for test class [org.sytoss.bdd.configuration.SpringIntegrationTest]: SpringIntegrationTest does not declare any static, non-private, non-final, nested classes annotated with @Configuration.
2024-05-29T12:29:08.220+03:00  INFO 27312 --- [           main] .b.t.c.SpringBootTestContextBootstrapper : Found @SpringBootConfiguration org.sytoss.LiftApplication for test class org.sytoss.bdd.configuration.SpringIntegrationTest

Scenario Outline: Admin register a building with empty required field &amp#27;[90m# feature/register-building.feature:27&amp#27;[0m
2024-05-29T12:29:08.229+03:00  INFO 27312 --- [           main] o.s.bdd.configuration.CucumberHooks      : Run CucumberHooks Before init
  &amp#27;[32mGiven &amp#27;[0m&amp#27;[32mbuilding with address &amp#27;[0m&amp#27;[32m&amp#27;[1m"Kharkov, Sumskaya, 1"&amp#27;[0m&amp#27;[32m doesnt exist&amp#27;[0m     &amp#27;[90m# org.sytoss.bdd.steps.given.BuildingGiven.buildingWithAddressDoesntExist(java.lang.String)&amp#27;[0m
  &amp#27;[32mWhen &amp#27;[0m&amp#27;[32mregister building request coming&amp#27;[0m                               &amp#27;[90m# org.sytoss.bdd.steps.when.BuildingWhen.registerBuildingRequestComing(org.sytoss.bom.Building)&amp#27;[0m
    | field          | value    |
    | floorCount     | 0        |
    | city           | Kharkov  |
    | street         | Sumskaya |
    | buildingNumber | 1        |
  &amp#27;[32mThen &amp#27;[0m&amp#27;[32moperation should fail with &amp#27;[0m&amp#27;[32m&amp#27;[1m400&amp#27;[0m&amp#27;[32m error&amp#27;[0m                           &amp#27;[90m# org.sytoss.bdd.steps.then.BuildingThen.operationFailedWithError(int)&amp#27;[0m
2024-05-29T12:29:08.271+03:00  INFO 27312 --- [           main] o.s.bdd.configuration.CucumberHooks      : tearDown completed...
]]></system-out>
  </testcase>
  <testcase name="Example #1.2" classname="Examples" time="0.067">
    <system-out><![CDATA[2024-05-29T12:29:08.782+03:00  INFO 27312 --- [           main] t.c.s.AnnotationConfigContextLoaderUtils : Could not detect default configuration classes for test class [org.sytoss.bdd.configuration.SpringIntegrationTest]: SpringIntegrationTest does not declare any static, non-private, non-final, nested classes annotated with @Configuration.
2024-05-29T12:29:08.786+03:00  INFO 27312 --- [           main] .b.t.c.SpringBootTestContextBootstrapper : Found @SpringBootConfiguration org.sytoss.LiftApplication for test class org.sytoss.bdd.configuration.SpringIntegrationTest

Scenario Outline: Admin specify wrong amount of floors      &amp#27;[90m# feature/register-building.feature:47&amp#27;[0m
2024-05-29T12:29:08.799+03:00  INFO 27312 --- [           main] o.s.bdd.configuration.CucumberHooks      : Run CucumberHooks Before init
  &amp#27;[32mGiven &amp#27;[0m&amp#27;[32mbuilding with address &amp#27;[0m&amp#27;[32m&amp#27;[1m"Kharkov, Sumskaya, 1"&amp#27;[0m&amp#27;[32m exists&amp#27;[0m &amp#27;[90m# org.sytoss.bdd.steps.given.BuildingGiven.buildingWithAddressExists(java.lang.String)&amp#27;[0m
  &amp#27;[32mAnd &amp#27;[0m&amp#27;[32mthis building has lifts&amp#27;[0m                               &amp#27;[90m# org.sytoss.bdd.steps.given.BuildingGiven.thisBuildingHasLifts()&amp#27;[0m
  &amp#27;[32mWhen &amp#27;[0m&amp#27;[32mregister building request coming&amp#27;[0m                     &amp#27;[90m# org.sytoss.bdd.steps.when.BuildingWhen.registerBuildingRequestComing(org.sytoss.bom.Building)&amp#27;[0m
    | field          | value    |
    | floorCount     | 1        |
    | city           | Kharkov  |
    | street         | Sumskaya |
    | buildingNumber | 1        |
  &amp#27;[32mThen &amp#27;[0m&amp#27;[32moperation should fail with &amp#27;[0m&amp#27;[32m&amp#27;[1m406&amp#27;[0m&amp#27;[32m error&amp#27;[0m                 &amp#27;[90m# org.sytoss.bdd.steps.then.BuildingThen.operationFailedWithError(int)&amp#27;[0m
2024-05-29T12:29:08.844+03:00  INFO 27312 --- [           main] o.s.bdd.configuration.CucumberHooks      : tearDown completed...
]]></system-out>
  </testcase>
  <testcase name="Example #1.2" classname="Examples" time="0.059">
    <system-out><![CDATA[2024-05-29T12:29:09.049+03:00  INFO 27312 --- [           main] t.c.s.AnnotationConfigContextLoaderUtils : Could not detect default configuration classes for test class [org.sytoss.bdd.configuration.SpringIntegrationTest]: SpringIntegrationTest does not declare any static, non-private, non-final, nested classes annotated with @Configuration.
2024-05-29T12:29:09.052+03:00  INFO 27312 --- [           main] .b.t.c.SpringBootTestContextBootstrapper : Found @SpringBootConfiguration org.sytoss.LiftApplication for test class org.sytoss.bdd.configuration.SpringIntegrationTest

Scenario Outline: Admin register a lift with empty required field         &amp#27;[90m# feature/register-lift.feature:32&amp#27;[0m
2024-05-29T12:29:09.057+03:00  INFO 27312 --- [           main] o.s.bdd.configuration.CucumberHooks      : Run CucumberHooks Before init
  &amp#27;[32mGiven &amp#27;[0m&amp#27;[32mbuilding with address &amp#27;[0m&amp#27;[32m&amp#27;[1m"Kharkov, Sumskaya, 1"&amp#27;[0m&amp#27;[32m with &amp#27;[0m&amp#27;[32m&amp#27;[1m5&amp#27;[0m&amp#27;[32m floors exists&amp#27;[0m &amp#27;[90m# org.sytoss.bdd.steps.given.BuildingGiven.buildingWithAddressExistsInSystem(java.lang.String,int)&amp#27;[0m
  &amp#27;[32mGiven &amp#27;[0m&amp#27;[32mthis building has lifts&amp#27;[0m                                           &amp#27;[90m# org.sytoss.bdd.steps.given.BuildingGiven.thisBuildingHasLifts()&amp#27;[0m
  &amp#27;[32mWhen &amp#27;[0m&amp#27;[32mI try to register lift in this building&amp#27;[0m                            &amp#27;[90m# org.sytoss.bdd.steps.when.LiftWhen.shouldRegisterLift(org.sytoss.bom.Lift)&amp#27;[0m
    | field               | value     |
    | cabin serialNumber  | cabin-123 |
    | cabin type          | my-cabin  |
    | engine serialNumber | [empty]   |
    | engine type         | my-engine |
    | button template     | UP_DOWN   |
  &amp#27;[32mThen &amp#27;[0m&amp#27;[32moperation should fail with status code &amp#27;[0m&amp#27;[32m&amp#27;[1m400&amp#27;[0m                         &amp#27;[90m# org.sytoss.bdd.steps.then.LiftThen.operationFailedWithStatusCode(int)&amp#27;[0m
2024-05-29T12:29:09.106+03:00  INFO 27312 --- [           main] o.s.bdd.configuration.CucumberHooks      : tearDown completed...
]]></system-out>
  </testcase>
  <testcase name="Example #1.3" classname="Examples" time="0.072">
    <system-out><![CDATA[2024-05-29T12:29:08.276+03:00  INFO 27312 --- [           main] t.c.s.AnnotationConfigContextLoaderUtils : Could not detect default configuration classes for test class [org.sytoss.bdd.configuration.SpringIntegrationTest]: SpringIntegrationTest does not declare any static, non-private, non-final, nested classes annotated with @Configuration.
2024-05-29T12:29:08.278+03:00  INFO 27312 --- [           main] .b.t.c.SpringBootTestContextBootstrapper : Found @SpringBootConfiguration org.sytoss.LiftApplication for test class org.sytoss.bdd.configuration.SpringIntegrationTest

Scenario Outline: Admin register a building with empty required field &amp#27;[90m# feature/register-building.feature:28&amp#27;[0m
2024-05-29T12:29:08.292+03:00  INFO 27312 --- [           main] o.s.bdd.configuration.CucumberHooks      : Run CucumberHooks Before init
  &amp#27;[32mGiven &amp#27;[0m&amp#27;[32mbuilding with address &amp#27;[0m&amp#27;[32m&amp#27;[1m"Kharkov, Sumskaya, 1"&amp#27;[0m&amp#27;[32m doesnt exist&amp#27;[0m     &amp#27;[90m# org.sytoss.bdd.steps.given.BuildingGiven.buildingWithAddressDoesntExist(java.lang.String)&amp#27;[0m
  &amp#27;[32mWhen &amp#27;[0m&amp#27;[32mregister building request coming&amp#27;[0m                               &amp#27;[90m# org.sytoss.bdd.steps.when.BuildingWhen.registerBuildingRequestComing(org.sytoss.bom.Building)&amp#27;[0m
    | field          | value    |
    | floorCount     | 10       |
    | city           | [empty]  |
    | street         | Sumskaya |
    | buildingNumber | 1        |
  &amp#27;[32mThen &amp#27;[0m&amp#27;[32moperation should fail with &amp#27;[0m&amp#27;[32m&amp#27;[1m400&amp#27;[0m&amp#27;[32m error&amp#27;[0m                           &amp#27;[90m# org.sytoss.bdd.steps.then.BuildingThen.operationFailedWithError(int)&amp#27;[0m
2024-05-29T12:29:08.345+03:00  INFO 27312 --- [           main] o.s.bdd.configuration.CucumberHooks      : tearDown completed...
]]></system-out>
  </testcase>
  <testcase name="Example #1.3" classname="Examples" time="0.057">
    <system-out><![CDATA[2024-05-29T12:29:09.109+03:00  INFO 27312 --- [           main] t.c.s.AnnotationConfigContextLoaderUtils : Could not detect default configuration classes for test class [org.sytoss.bdd.configuration.SpringIntegrationTest]: SpringIntegrationTest does not declare any static, non-private, non-final, nested classes annotated with @Configuration.
2024-05-29T12:29:09.110+03:00  INFO 27312 --- [           main] .b.t.c.SpringBootTestContextBootstrapper : Found @SpringBootConfiguration org.sytoss.LiftApplication for test class org.sytoss.bdd.configuration.SpringIntegrationTest

Scenario Outline: Admin register a lift with empty required field         &amp#27;[90m# feature/register-lift.feature:33&amp#27;[0m
2024-05-29T12:29:09.117+03:00  INFO 27312 --- [           main] o.s.bdd.configuration.CucumberHooks      : Run CucumberHooks Before init
  &amp#27;[32mGiven &amp#27;[0m&amp#27;[32mbuilding with address &amp#27;[0m&amp#27;[32m&amp#27;[1m"Kharkov, Sumskaya, 1"&amp#27;[0m&amp#27;[32m with &amp#27;[0m&amp#27;[32m&amp#27;[1m5&amp#27;[0m&amp#27;[32m floors exists&amp#27;[0m &amp#27;[90m# org.sytoss.bdd.steps.given.BuildingGiven.buildingWithAddressExistsInSystem(java.lang.String,int)&amp#27;[0m
  &amp#27;[32mGiven &amp#27;[0m&amp#27;[32mthis building has lifts&amp#27;[0m                                           &amp#27;[90m# org.sytoss.bdd.steps.given.BuildingGiven.thisBuildingHasLifts()&amp#27;[0m
  &amp#27;[32mWhen &amp#27;[0m&amp#27;[32mI try to register lift in this building&amp#27;[0m                            &amp#27;[90m# org.sytoss.bdd.steps.when.LiftWhen.shouldRegisterLift(org.sytoss.bom.Lift)&amp#27;[0m
    | field               | value      |
    | cabin serialNumber  | [empty]    |
    | cabin type          | [empty]    |
    | engine serialNumber | engine-123 |
    | engine type         | my-engine  |
    | button template     | UP_DOWN    |
  &amp#27;[32mThen &amp#27;[0m&amp#27;[32moperation should fail with status code &amp#27;[0m&amp#27;[32m&amp#27;[1m400&amp#27;[0m                         &amp#27;[90m# org.sytoss.bdd.steps.then.LiftThen.operationFailedWithStatusCode(int)&amp#27;[0m
2024-05-29T12:29:09.162+03:00  INFO 27312 --- [           main] o.s.bdd.configuration.CucumberHooks      : tearDown completed...
]]></system-out>
  </testcase>
  <testcase name="Example #1.4" classname="Examples" time="0.118">
    <system-out><![CDATA[2024-05-29T12:29:08.350+03:00  INFO 27312 --- [           main] t.c.s.AnnotationConfigContextLoaderUtils : Could not detect default configuration classes for test class [org.sytoss.bdd.configuration.SpringIntegrationTest]: SpringIntegrationTest does not declare any static, non-private, non-final, nested classes annotated with @Configuration.
2024-05-29T12:29:08.353+03:00  INFO 27312 --- [           main] .b.t.c.SpringBootTestContextBootstrapper : Found @SpringBootConfiguration org.sytoss.LiftApplication for test class org.sytoss.bdd.configuration.SpringIntegrationTest

Scenario Outline: Admin register a building with empty required field &amp#27;[90m# feature/register-building.feature:29&amp#27;[0m
2024-05-29T12:29:08.375+03:00  INFO 27312 --- [           main] o.s.bdd.configuration.CucumberHooks      : Run CucumberHooks Before init
  &amp#27;[32mGiven &amp#27;[0m&amp#27;[32mbuilding with address &amp#27;[0m&amp#27;[32m&amp#27;[1m"Kharkov, Sumskaya, 1"&amp#27;[0m&amp#27;[32m doesnt exist&amp#27;[0m     &amp#27;[90m# org.sytoss.bdd.steps.given.BuildingGiven.buildingWithAddressDoesntExist(java.lang.String)&amp#27;[0m
  &amp#27;[32mWhen &amp#27;[0m&amp#27;[32mregister building request coming&amp#27;[0m                               &amp#27;[90m# org.sytoss.bdd.steps.when.BuildingWhen.registerBuildingRequestComing(org.sytoss.bom.Building)&amp#27;[0m
    | field          | value   |
    | floorCount     | 10      |
    | city           | Kharkov |
    | street         | [empty] |
    | buildingNumber | 1       |
  &amp#27;[32mThen &amp#27;[0m&amp#27;[32moperation should fail with &amp#27;[0m&amp#27;[32m&amp#27;[1m400&amp#27;[0m&amp#27;[32m error&amp#27;[0m                           &amp#27;[90m# org.sytoss.bdd.steps.then.BuildingThen.operationFailedWithError(int)&amp#27;[0m
2024-05-29T12:29:08.458+03:00  INFO 27312 --- [           main] o.s.bdd.configuration.CucumberHooks      : tearDown completed...
]]></system-out>
  </testcase>
  <testcase name="Example #1.4" classname="Examples" time="0.056">
    <system-out><![CDATA[2024-05-29T12:29:09.167+03:00  INFO 27312 --- [           main] t.c.s.AnnotationConfigContextLoaderUtils : Could not detect default configuration classes for test class [org.sytoss.bdd.configuration.SpringIntegrationTest]: SpringIntegrationTest does not declare any static, non-private, non-final, nested classes annotated with @Configuration.
2024-05-29T12:29:09.169+03:00  INFO 27312 --- [           main] .b.t.c.SpringBootTestContextBootstrapper : Found @SpringBootConfiguration org.sytoss.LiftApplication for test class org.sytoss.bdd.configuration.SpringIntegrationTest

Scenario Outline: Admin register a lift with empty required field         &amp#27;[90m# feature/register-lift.feature:34&amp#27;[0m
2024-05-29T12:29:09.176+03:00  INFO 27312 --- [           main] o.s.bdd.configuration.CucumberHooks      : Run CucumberHooks Before init
  &amp#27;[32mGiven &amp#27;[0m&amp#27;[32mbuilding with address &amp#27;[0m&amp#27;[32m&amp#27;[1m"Kharkov, Sumskaya, 1"&amp#27;[0m&amp#27;[32m with &amp#27;[0m&amp#27;[32m&amp#27;[1m5&amp#27;[0m&amp#27;[32m floors exists&amp#27;[0m &amp#27;[90m# org.sytoss.bdd.steps.given.BuildingGiven.buildingWithAddressExistsInSystem(java.lang.String,int)&amp#27;[0m
  &amp#27;[32mGiven &amp#27;[0m&amp#27;[32mthis building has lifts&amp#27;[0m                                           &amp#27;[90m# org.sytoss.bdd.steps.given.BuildingGiven.thisBuildingHasLifts()&amp#27;[0m
  &amp#27;[32mWhen &amp#27;[0m&amp#27;[32mI try to register lift in this building&amp#27;[0m                            &amp#27;[90m# org.sytoss.bdd.steps.when.LiftWhen.shouldRegisterLift(org.sytoss.bom.Lift)&amp#27;[0m
    | field               | value      |
    | cabin serialNumber  | cabin-123  |
    | cabin type          | my-cabin   |
    | engine serialNumber | engine-123 |
    | engine type         | my-engine  |
    | button template     | [empty]    |
  &amp#27;[32mThen &amp#27;[0m&amp#27;[32moperation should fail with status code &amp#27;[0m&amp#27;[32m&amp#27;[1m400&amp#27;[0m                         &amp#27;[90m# org.sytoss.bdd.steps.then.LiftThen.operationFailedWithStatusCode(int)&amp#27;[0m
2024-05-29T12:29:09.219+03:00  INFO 27312 --- [           main] o.s.bdd.configuration.CucumberHooks      : tearDown completed...
]]></system-out>
  </testcase>
  <testcase name="Example #1.5" classname="Examples" time="0.084">
    <system-out><![CDATA[2024-05-29T12:29:08.471+03:00  INFO 27312 --- [           main] t.c.s.AnnotationConfigContextLoaderUtils : Could not detect default configuration classes for test class [org.sytoss.bdd.configuration.SpringIntegrationTest]: SpringIntegrationTest does not declare any static, non-private, non-final, nested classes annotated with @Configuration.
2024-05-29T12:29:08.474+03:00  INFO 27312 --- [           main] .b.t.c.SpringBootTestContextBootstrapper : Found @SpringBootConfiguration org.sytoss.LiftApplication for test class org.sytoss.bdd.configuration.SpringIntegrationTest

Scenario Outline: Admin register a building with empty required field &amp#27;[90m# feature/register-building.feature:30&amp#27;[0m
2024-05-29T12:29:08.488+03:00  INFO 27312 --- [           main] o.s.bdd.configuration.CucumberHooks      : Run CucumberHooks Before init
  &amp#27;[32mGiven &amp#27;[0m&amp#27;[32mbuilding with address &amp#27;[0m&amp#27;[32m&amp#27;[1m"Kharkov, Sumskaya, 1"&amp#27;[0m&amp#27;[32m doesnt exist&amp#27;[0m     &amp#27;[90m# org.sytoss.bdd.steps.given.BuildingGiven.buildingWithAddressDoesntExist(java.lang.String)&amp#27;[0m
  &amp#27;[32mWhen &amp#27;[0m&amp#27;[32mregister building request coming&amp#27;[0m                               &amp#27;[90m# org.sytoss.bdd.steps.when.BuildingWhen.registerBuildingRequestComing(org.sytoss.bom.Building)&amp#27;[0m
    | field          | value    |
    | floorCount     | 10       |
    | city           | Kharkov  |
    | street         | Sumskaya |
    | buildingNumber | [empty]  |
  &amp#27;[32mThen &amp#27;[0m&amp#27;[32moperation should fail with &amp#27;[0m&amp#27;[32m&amp#27;[1m400&amp#27;[0m&amp#27;[32m error&amp#27;[0m                           &amp#27;[90m# org.sytoss.bdd.steps.then.BuildingThen.operationFailedWithError(int)&amp#27;[0m
2024-05-29T12:29:08.548+03:00  INFO 27312 --- [           main] o.s.bdd.configuration.CucumberHooks      : tearDown completed...
]]></system-out>
  </testcase>
  <testcase name="Example #1.6" classname="Examples" time="0.069">
    <system-out><![CDATA[2024-05-29T12:29:08.553+03:00  INFO 27312 --- [           main] t.c.s.AnnotationConfigContextLoaderUtils : Could not detect default configuration classes for test class [org.sytoss.bdd.configuration.SpringIntegrationTest]: SpringIntegrationTest does not declare any static, non-private, non-final, nested classes annotated with @Configuration.
2024-05-29T12:29:08.556+03:00  INFO 27312 --- [           main] .b.t.c.SpringBootTestContextBootstrapper : Found @SpringBootConfiguration org.sytoss.LiftApplication for test class org.sytoss.bdd.configuration.SpringIntegrationTest

Scenario Outline: Admin register a building with empty required field &amp#27;[90m# feature/register-building.feature:31&amp#27;[0m
2024-05-29T12:29:08.572+03:00  INFO 27312 --- [           main] o.s.bdd.configuration.CucumberHooks      : Run CucumberHooks Before init
  &amp#27;[32mGiven &amp#27;[0m&amp#27;[32mbuilding with address &amp#27;[0m&amp#27;[32m&amp#27;[1m"Kharkov, Sumskaya, 1"&amp#27;[0m&amp#27;[32m doesnt exist&amp#27;[0m     &amp#27;[90m# org.sytoss.bdd.steps.given.BuildingGiven.buildingWithAddressDoesntExist(java.lang.String)&amp#27;[0m
  &amp#27;[32mWhen &amp#27;[0m&amp#27;[32mregister building request coming&amp#27;[0m                               &amp#27;[90m# org.sytoss.bdd.steps.when.BuildingWhen.registerBuildingRequestComing(org.sytoss.bom.Building)&amp#27;[0m
    | field          | value    |
    | floorCount     | 10       |
    | city           | Kharkov  |
    | street         | Sumskaya |
    | buildingNumber | 0        |
  &amp#27;[32mThen &amp#27;[0m&amp#27;[32moperation should fail with &amp#27;[0m&amp#27;[32m&amp#27;[1m400&amp#27;[0m&amp#27;[32m error&amp#27;[0m                           &amp#27;[90m# org.sytoss.bdd.steps.then.BuildingThen.operationFailedWithError(int)&amp#27;[0m
2024-05-29T12:29:08.618+03:00  INFO 27312 --- [           main] o.s.bdd.configuration.CucumberHooks      : tearDown completed...
]]></system-out>
  </testcase>
  <testcase name="Admin get all buildings" classname="Get all buildings" time="0.239">
    <system-out><![CDATA[2024-05-29T12:29:03.140+03:00  INFO 27312 --- [           main] t.c.s.AnnotationConfigContextLoaderUtils : Could not detect default configuration classes for test class [org.sytoss.bdd.configuration.SpringIntegrationTest]: SpringIntegrationTest does not declare any static, non-private, non-final, nested classes annotated with @Configuration.
2024-05-29T12:29:03.144+03:00  INFO 27312 --- [           main] .b.t.c.SpringBootTestContextBootstrapper : Found @SpringBootConfiguration org.sytoss.LiftApplication for test class org.sytoss.bdd.configuration.SpringIntegrationTest

Scenario: Admin get all buildings     &amp#27;[90m# feature/get-all-buildings.feature:3&amp#27;[0m
2024-05-29T12:29:03.181+03:00  INFO 27312 --- [           main] o.s.bdd.configuration.CucumberHooks      : Run CucumberHooks Before init
  &amp#27;[32mGiven &amp#27;[0m&amp#27;[32mbuildings table is clear&amp#27;[0m      &amp#27;[90m# org.sytoss.bdd.steps.given.BuildingGiven.buildingsTableIsClear()&amp#27;[0m
  &amp#27;[32mAnd &amp#27;[0m&amp#27;[32mbuildings exist&amp#27;[0m                 &amp#27;[90m# org.sytoss.bdd.steps.given.BuildingGiven.buildingsExist(java.util.List<org.sytoss.bom.Building>)&amp#27;[0m
    | id | floorCount | city    | street    | buildingNumber |
    | *1 | 9          | Kharkov | Sumskaya  | 73             |
    | *2 | 5          | Kiev    | Kievskaya | 25             |
  &amp#27;[32mWhen &amp#27;[0m&amp#27;[32mI try to get all buildings&amp#27;[0m     &amp#27;[90m# org.sytoss.bdd.steps.when.BuildingWhen.iTryToGetAllBuildings()&amp#27;[0m
  &amp#27;[32mThen &amp#27;[0m&amp#27;[32moperation should be successful&amp#27;[0m &amp#27;[90m# org.sytoss.bdd.steps.then.BuildingThen.operationIsSuccessful()&amp#27;[0m
  &amp#27;[32mAnd &amp#27;[0m&amp#27;[32mI should get buildings&amp#27;[0m          &amp#27;[90m# org.sytoss.bdd.steps.then.BuildingThen.iShouldGetBuildings(java.util.List<org.sytoss.bom.Building>)&amp#27;[0m
    | id | floorCount | city    | street    | buildingNumber |
    | *2 | 5          | Kiev    | Kievskaya | 25             |
    | *1 | 9          | Kharkov | Sumskaya  | 73             |
2024-05-29T12:29:03.375+03:00  INFO 27312 --- [           main] o.s.bdd.configuration.CucumberHooks      : tearDown completed...
]]></system-out>
  </testcase>
  <testcase name="Admin get existing building by id" classname="Get building by id" time="0.131">
    <system-out><![CDATA[2024-05-29T12:29:03.379+03:00  INFO 27312 --- [           main] t.c.s.AnnotationConfigContextLoaderUtils : Could not detect default configuration classes for test class [org.sytoss.bdd.configuration.SpringIntegrationTest]: SpringIntegrationTest does not declare any static, non-private, non-final, nested classes annotated with @Configuration.
2024-05-29T12:29:03.381+03:00  INFO 27312 --- [           main] .b.t.c.SpringBootTestContextBootstrapper : Found @SpringBootConfiguration org.sytoss.LiftApplication for test class org.sytoss.bdd.configuration.SpringIntegrationTest

Scenario: Admin get existing building by id &amp#27;[90m# feature/get-building-by-id.feature:3&amp#27;[0m
2024-05-29T12:29:03.392+03:00  INFO 27312 --- [           main] o.s.bdd.configuration.CucumberHooks      : Run CucumberHooks Before init
  &amp#27;[32mGiven &amp#27;[0m&amp#27;[32mbuildings exist&amp#27;[0m                     &amp#27;[90m# org.sytoss.bdd.steps.given.BuildingGiven.buildingsExist(java.util.List<org.sytoss.bom.Building>)&amp#27;[0m
    | id | floorCount | city    | street    | buildingNumber |
    | *1 | 9          | Kharkov | Sumskaya  | 73             |
    | *2 | 5          | Kiev    | Kievskaya | 25             |
  &amp#27;[32mWhen &amp#27;[0m&amp#27;[32mI try to get building by id &amp#27;[0m&amp#27;[32m&amp#27;[1m"*1"&amp#27;[0m     &amp#27;[90m# org.sytoss.bdd.steps.when.BuildingWhen.iTryToGetBuildingById(java.lang.String)&amp#27;[0m
  &amp#27;[32mThen &amp#27;[0m&amp#27;[32moperation should be successful&amp#27;[0m       &amp#27;[90m# org.sytoss.bdd.steps.then.BuildingThen.operationIsSuccessful()&amp#27;[0m
  &amp#27;[32mAnd &amp#27;[0m&amp#27;[32mI should get building&amp#27;[0m                 &amp#27;[90m# org.sytoss.bdd.steps.then.BuildingThen.iShouldGetBuilding(java.util.List<org.sytoss.bom.Building>)&amp#27;[0m
    | id | floorCount | city    | street   | buildingNumber |
    | *1 | 9          | Kharkov | Sumskaya | 73             |
2024-05-29T12:29:03.505+03:00  INFO 27312 --- [           main] o.s.bdd.configuration.CucumberHooks      : tearDown completed...
]]></system-out>
  </testcase>
  <testcase name="Admin get non-existing building by id" classname="Get building by id" time="0.111">
    <system-out><![CDATA[2024-05-29T12:29:03.513+03:00  INFO 27312 --- [           main] t.c.s.AnnotationConfigContextLoaderUtils : Could not detect default configuration classes for test class [org.sytoss.bdd.configuration.SpringIntegrationTest]: SpringIntegrationTest does not declare any static, non-private, non-final, nested classes annotated with @Configuration.
2024-05-29T12:29:03.515+03:00  INFO 27312 --- [           main] .b.t.c.SpringBootTestContextBootstrapper : Found @SpringBootConfiguration org.sytoss.LiftApplication for test class org.sytoss.bdd.configuration.SpringIntegrationTest

Scenario: Admin get non-existing building by id &amp#27;[90m# feature/get-building-by-id.feature:14&amp#27;[0m
2024-05-29T12:29:03.534+03:00  INFO 27312 --- [           main] o.s.bdd.configuration.CucumberHooks      : Run CucumberHooks Before init
  &amp#27;[32mGiven &amp#27;[0m&amp#27;[32mbuildings exist&amp#27;[0m                         &amp#27;[90m# org.sytoss.bdd.steps.given.BuildingGiven.buildingsExist(java.util.List<org.sytoss.bom.Building>)&amp#27;[0m
    | id | floorCount | city    | street    | buildingNumber |
    | *1 | 9          | Kharkov | Sumskaya  | 73             |
    | *2 | 5          | Kiev    | Kievskaya | 25             |
  &amp#27;[32mWhen &amp#27;[0m&amp#27;[32mI try to get building by id &amp#27;[0m&amp#27;[32m&amp#27;[1m9999&amp#27;[0m         &amp#27;[90m# org.sytoss.bdd.steps.when.BuildingWhen.iTryToGetBuildingById(int)&amp#27;[0m
  &amp#27;[32mThen &amp#27;[0m&amp#27;[32moperation should fail with &amp#27;[0m&amp#27;[32m&amp#27;[1m404&amp#27;[0m&amp#27;[32m error&amp#27;[0m     &amp#27;[90m# org.sytoss.bdd.steps.then.BuildingThen.operationFailedWithError(int)&amp#27;[0m
2024-05-29T12:29:03.617+03:00  INFO 27312 --- [           main] o.s.bdd.configuration.CucumberHooks      : tearDown completed...
]]></system-out>
  </testcase>
  <testcase name="Admin register a building" classname="Register new building" time="0.081">
    <system-out><![CDATA[2024-05-29T12:29:08.036+03:00  INFO 27312 --- [           main] t.c.s.AnnotationConfigContextLoaderUtils : Could not detect default configuration classes for test class [org.sytoss.bdd.configuration.SpringIntegrationTest]: SpringIntegrationTest does not declare any static, non-private, non-final, nested classes annotated with @Configuration.
2024-05-29T12:29:08.038+03:00  INFO 27312 --- [           main] .b.t.c.SpringBootTestContextBootstrapper : Found @SpringBootConfiguration org.sytoss.LiftApplication for test class org.sytoss.bdd.configuration.SpringIntegrationTest

Scenario: Admin register a building                               &amp#27;[90m# feature/register-building.feature:3&amp#27;[0m
2024-05-29T12:29:08.046+03:00  INFO 27312 --- [           main] o.s.bdd.configuration.CucumberHooks      : Run CucumberHooks Before init
  &amp#27;[32mGiven &amp#27;[0m&amp#27;[32mbuilding with address &amp#27;[0m&amp#27;[32m&amp#27;[1m"Kharkov, Sumskaya, 1"&amp#27;[0m&amp#27;[32m doesnt exist&amp#27;[0m &amp#27;[90m# org.sytoss.bdd.steps.given.BuildingGiven.buildingWithAddressDoesntExist(java.lang.String)&amp#27;[0m
  &amp#27;[32mWhen &amp#27;[0m&amp#27;[32mregister building request coming&amp#27;[0m                           &amp#27;[90m# org.sytoss.bdd.steps.when.BuildingWhen.registerBuildingRequestComing(org.sytoss.bom.Building)&amp#27;[0m
    | field          | value    |
    | floorCount     | 9        |
    | city           | Kharkov  |
    | street         | Sumskaya |
    | buildingNumber | 1        |
  &amp#27;[32mThen &amp#27;[0m&amp#27;[32moperation should be successful&amp#27;[0m                             &amp#27;[90m# org.sytoss.bdd.steps.then.BuildingThen.operationIsSuccessful()&amp#27;[0m
  &amp#27;[32mAnd &amp#27;[0m&amp#27;[32mbuilding with address &amp#27;[0m&amp#27;[32m&amp#27;[1m"Kharkov, Sumskaya, 1"&amp#27;[0m&amp#27;[32m exists&amp#27;[0m         &amp#27;[90m# org.sytoss.bdd.steps.given.BuildingGiven.buildingWithAddressExists(java.lang.String)&amp#27;[0m
  &amp#27;[32mAnd &amp#27;[0m&amp#27;[32mhas &amp#27;[0m&amp#27;[32m&amp#27;[1m9&amp#27;[0m&amp#27;[32m floors&amp#27;[0m                                                &amp#27;[90m# org.sytoss.bdd.steps.then.BuildingThen.hasFloors(int)&amp#27;[0m
2024-05-29T12:29:08.113+03:00  INFO 27312 --- [           main] o.s.bdd.configuration.CucumberHooks      : tearDown completed...
]]></system-out>
  </testcase>
  <testcase name="Admin register a building by already exists address" classname="Register new building" time="0.052">
    <system-out><![CDATA[2024-05-29T12:29:08.847+03:00  INFO 27312 --- [           main] t.c.s.AnnotationConfigContextLoaderUtils : Could not detect default configuration classes for test class [org.sytoss.bdd.configuration.SpringIntegrationTest]: SpringIntegrationTest does not declare any static, non-private, non-final, nested classes annotated with @Configuration.
2024-05-29T12:29:08.849+03:00  INFO 27312 --- [           main] .b.t.c.SpringBootTestContextBootstrapper : Found @SpringBootConfiguration org.sytoss.LiftApplication for test class org.sytoss.bdd.configuration.SpringIntegrationTest

Scenario: Admin register a building by already exists address &amp#27;[90m# feature/register-building.feature:49&amp#27;[0m
2024-05-29T12:29:08.855+03:00  INFO 27312 --- [           main] o.s.bdd.configuration.CucumberHooks      : Run CucumberHooks Before init
  &amp#27;[32mGiven &amp#27;[0m&amp#27;[32mbuilding with address &amp#27;[0m&amp#27;[32m&amp#27;[1m"Kharkov, Sumskaya, 1"&amp#27;[0m&amp#27;[32m exists&amp#27;[0m   &amp#27;[90m# org.sytoss.bdd.steps.given.BuildingGiven.buildingWithAddressExists(java.lang.String)&amp#27;[0m
  &amp#27;[32mWhen &amp#27;[0m&amp#27;[32mregister building request coming&amp#27;[0m                       &amp#27;[90m# org.sytoss.bdd.steps.when.BuildingWhen.registerBuildingRequestComing(org.sytoss.bom.Building)&amp#27;[0m
    | field          | value    |
    | floorCount     | 9        |
    | city           | Kharkov  |
    | street         | Sumskaya |
    | buildingNumber | 1        |
  &amp#27;[32mThen &amp#27;[0m&amp#27;[32moperation should fail with &amp#27;[0m&amp#27;[32m&amp#27;[1m409&amp#27;[0m&amp#27;[32m error&amp#27;[0m                   &amp#27;[90m# org.sytoss.bdd.steps.then.BuildingThen.operationFailedWithError(int)&amp#27;[0m
2024-05-29T12:29:08.896+03:00  INFO 27312 --- [           main] o.s.bdd.configuration.CucumberHooks      : tearDown completed...
]]></system-out>
  </testcase>
  <testcase name="Admin register a new lift in empty building" classname="Register new lift in building" time="0.095">
    <system-out><![CDATA[2024-05-29T12:29:08.900+03:00  INFO 27312 --- [           main] t.c.s.AnnotationConfigContextLoaderUtils : Could not detect default configuration classes for test class [org.sytoss.bdd.configuration.SpringIntegrationTest]: SpringIntegrationTest does not declare any static, non-private, non-final, nested classes annotated with @Configuration.
2024-05-29T12:29:08.902+03:00  INFO 27312 --- [           main] .b.t.c.SpringBootTestContextBootstrapper : Found @SpringBootConfiguration org.sytoss.LiftApplication for test class org.sytoss.bdd.configuration.SpringIntegrationTest

Scenario: Admin register a new lift in empty building                                                             &amp#27;[90m# feature/register-lift.feature:6&amp#27;[0m
2024-05-29T12:29:08.909+03:00  INFO 27312 --- [           main] o.s.bdd.configuration.CucumberHooks      : Run CucumberHooks Before init
  &amp#27;[32mGiven &amp#27;[0m&amp#27;[32mbuilding with address &amp#27;[0m&amp#27;[32m&amp#27;[1m"Kharkov, Sumskaya, 1"&amp#27;[0m&amp#27;[32m with &amp#27;[0m&amp#27;[32m&amp#27;[1m5&amp#27;[0m&amp#27;[32m floors exists&amp#27;[0m                                         &amp#27;[90m# org.sytoss.bdd.steps.given.BuildingGiven.buildingWithAddressExistsInSystem(java.lang.String,int)&amp#27;[0m
  &amp#27;[32mGiven &amp#27;[0m&amp#27;[32mthis building has lifts&amp#27;[0m                                                                                   &amp#27;[90m# org.sytoss.bdd.steps.given.BuildingGiven.thisBuildingHasLifts()&amp#27;[0m
  &amp#27;[32mWhen &amp#27;[0m&amp#27;[32mI try to register lift in this building&amp#27;[0m                                                                    &amp#27;[90m# org.sytoss.bdd.steps.when.LiftWhen.shouldRegisterLift(org.sytoss.bom.Lift)&amp#27;[0m
    | field               | value      |
    | cabin serialNumber  | cabin-123  |
    | cabin type          | my-cabin   |
    | engine serialNumber | engine-123 |
    | engine type         | my-engine  |
    | button template     | UP_DOWN    |
  &amp#27;[32mThen &amp#27;[0m&amp#27;[32moperation should be successful&amp#27;[0m                                                                             &amp#27;[90m# org.sytoss.bdd.steps.then.BuildingThen.operationIsSuccessful()&amp#27;[0m
  &amp#27;[32mAnd &amp#27;[0m&amp#27;[32mthis building contains &amp#27;[0m&amp#27;[32m&amp#27;[1m1&amp#27;[0m&amp#27;[32m lift with &amp#27;[0m&amp#27;[32m&amp#27;[1m"UP_DOWN"&amp#27;[0m&amp#27;[32m button templates and &amp#27;[0m&amp#27;[32m&amp#27;[1m"engine-123"&amp#27;[0m&amp#27;[32m engine and &amp#27;[0m&amp#27;[32m&amp#27;[1m"cabin-123"&amp#27;[0m&amp#27;[32m cabin&amp#27;[0m &amp#27;[90m# org.sytoss.bdd.steps.then.LiftThen.shouldCheckThatLiftExist(int,java.lang.String,java.lang.String,java.lang.String)&amp#27;[0m
2024-05-29T12:29:08.991+03:00  INFO 27312 --- [           main] o.s.bdd.configuration.CucumberHooks      : tearDown completed...
]]></system-out>
  </testcase>
</testsuite>